Mar 08, 2017 9:57:26 PM org.apache.catalina.core.ApplicationContext log
INFO: Manager: init: Associated with Deployer 'Catalina:type=Deployer,host=localhost'
Mar 08, 2017 9:57:26 PM org.apache.catalina.core.ApplicationContext log
INFO: Manager: init: Global resources are available
Mar 08, 2017 9:57:26 PM org.apache.catalina.core.ApplicationContext log
INFO: Manager: list: Listing contexts for virtual host 'localhost'
Mar 08, 2017 9:57:26 PM org.apache.catalina.core.ApplicationContext log
INFO: Manager: list: Listing contexts for virtual host 'localhost'
Mar 08, 2017 9:57:26 PM org.apache.catalina.core.ApplicationContext log
INFO: Manager: install: Installing context configuration at 'file:/C:/Users/tim/AppData/Local/Temp/context1614676629934852644.xml'
Mar 08, 2017 9:57:26 PM org.apache.catalina.core.ApplicationContext log
INFO: Manager: start: Starting web application '/taylor_insurance_login'
Mar 08, 2017 9:59:57 PM org.apache.catalina.core.ApplicationContext log
INFO: Manager: list: Listing contexts for virtual host 'localhost'
Mar 08, 2017 10:01:16 PM org.apache.catalina.core.ApplicationContext log
INFO: Manager: list: Listing contexts for virtual host 'localhost'
Mar 08, 2017 10:02:20 PM org.apache.catalina.core.ApplicationContext log
INFO: Manager: list: Listing contexts for virtual host 'localhost'
Mar 08, 2017 10:02:20 PM org.apache.catalina.core.ApplicationContext log
INFO: Manager: undeploy: Undeploying web application at '/taylor_insurance_login'
Mar 08, 2017 10:03:24 PM org.apache.catalina.core.ApplicationContext log
INFO: Manager: list: Listing contexts for virtual host 'localhost'
Mar 08, 2017 10:03:24 PM org.apache.catalina.core.ApplicationContext log
INFO: Manager: list: Listing contexts for virtual host 'localhost'
Mar 08, 2017 10:03:24 PM org.apache.catalina.core.ApplicationContext log
INFO: Manager: install: Installing context configuration at 'file:/C:/Users/tim/AppData/Local/Temp/context4706585013571957126.xml'
Mar 08, 2017 10:03:24 PM org.apache.catalina.core.ApplicationContext log
INFO: Manager: start: Starting web application '/taylor_insurance_login'
Mar 08, 2017 10:05:58 PM org.apache.catalina.core.ApplicationContext log
INFO: Manager: list: Listing contexts for virtual host 'localhost'
Mar 08, 2017 10:05:58 PM org.apache.catalina.core.ApplicationContext log
INFO: Manager: list: Listing contexts for virtual host 'localhost'
Mar 08, 2017 11:44:25 PM org.apache.catalina.core.ApplicationContext log
INFO: Manager: list: Listing contexts for virtual host 'localhost'
Mar 08, 2017 11:45:09 PM org.apache.catalina.core.ApplicationContext log
INFO: Manager: list: Listing contexts for virtual host 'localhost'
Mar 08, 2017 11:45:09 PM org.apache.catalina.core.ApplicationContext log
INFO: Manager: restart: Reloading web application '/taylor_insurance_login'
Mar 08, 2017 11:45:09 PM org.apache.catalina.core.ApplicationContext log
INFO: Manager: list: Listing contexts for virtual host 'localhost'
Mar 08, 2017 11:45:09 PM org.apache.catalina.core.ApplicationContext log
INFO: Manager: restart: Reloading web application '/taylor_insurance_login'
Mar 08, 2017 11:53:08 PM org.apache.catalina.core.ApplicationContext log
INFO: Manager: list: Listing contexts for virtual host 'localhost'
Mar 08, 2017 11:53:08 PM org.apache.catalina.core.ApplicationContext log
INFO: Manager: restart: Reloading web application '/taylor_insurance_login'
Mar 08, 2017 11:59:10 PM org.apache.catalina.core.ApplicationContext log
INFO: Manager: list: Listing contexts for virtual host 'localhost'
Mar 08, 2017 11:59:10 PM org.apache.catalina.core.ApplicationContext log
INFO: Manager: restart: Reloading web application '/taylor_insurance_login'
