Mar 09, 2017 12:06:34 AM org.apache.catalina.core.ApplicationContext log
INFO: Manager: list: Listing contexts for virtual host 'localhost'
Mar 09, 2017 12:06:34 AM org.apache.catalina.core.ApplicationContext log
INFO: Manager: restart: Reloading web application '/taylor_insurance_login'
Mar 09, 2017 12:07:07 AM org.apache.catalina.core.ApplicationContext log
INFO: Manager: list: Listing contexts for virtual host 'localhost'
Mar 09, 2017 12:07:07 AM org.apache.catalina.core.ApplicationContext log
INFO: Manager: restart: Reloading web application '/taylor_insurance_login'
Mar 09, 2017 12:07:08 AM org.apache.catalina.core.ApplicationContext log
INFO: Manager: list: Listing contexts for virtual host 'localhost'
Mar 09, 2017 12:07:08 AM org.apache.catalina.core.ApplicationContext log
INFO: Manager: restart: Reloading web application '/taylor_insurance_login'
Mar 09, 2017 12:07:38 AM org.apache.catalina.core.ApplicationContext log
INFO: Manager: list: Listing contexts for virtual host 'localhost'
Mar 09, 2017 12:07:38 AM org.apache.catalina.core.ApplicationContext log
INFO: Manager: restart: Reloading web application '/taylor_insurance_login'
Mar 09, 2017 12:22:59 AM org.apache.catalina.core.ApplicationContext log
INFO: Manager: list: Listing contexts for virtual host 'localhost'
Mar 09, 2017 12:31:01 AM org.apache.catalina.core.ApplicationContext log
INFO: Manager: list: Listing contexts for virtual host 'localhost'
Mar 09, 2017 12:31:01 AM org.apache.catalina.core.ApplicationContext log
INFO: Manager: restart: Reloading web application '/taylor_insurance_login'
Mar 09, 2017 12:31:59 AM org.apache.catalina.core.ApplicationContext log
INFO: Manager: list: Listing contexts for virtual host 'localhost'
Mar 09, 2017 12:31:59 AM org.apache.catalina.core.ApplicationContext log
INFO: Manager: restart: Reloading web application '/taylor_insurance_login'
Mar 09, 2017 12:34:58 AM org.apache.catalina.core.ApplicationContext log
INFO: Manager: list: Listing contexts for virtual host 'localhost'
Mar 09, 2017 12:34:58 AM org.apache.catalina.core.ApplicationContext log
INFO: Manager: restart: Reloading web application '/taylor_insurance_login'
Mar 09, 2017 12:35:10 AM org.apache.catalina.core.ApplicationContext log
INFO: Manager: list: Listing contexts for virtual host 'localhost'
Mar 09, 2017 12:35:40 AM org.apache.catalina.core.ApplicationContext log
INFO: Manager: list: Listing contexts for virtual host 'localhost'
Mar 09, 2017 12:35:40 AM org.apache.catalina.core.ApplicationContext log
INFO: Manager: restart: Reloading web application '/taylor_insurance_login'
Mar 09, 2017 12:35:40 AM org.apache.catalina.core.ApplicationContext log
INFO: Manager: list: Listing contexts for virtual host 'localhost'
Mar 09, 2017 12:35:41 AM org.apache.catalina.core.ApplicationContext log
INFO: Manager: list: Listing contexts for virtual host 'localhost'
Mar 09, 2017 12:35:41 AM org.apache.catalina.core.ApplicationContext log
INFO: Manager: restart: Reloading web application '/taylor_insurance_login'
Mar 09, 2017 12:36:59 AM org.apache.catalina.core.ApplicationContext log
INFO: Manager: list: Listing contexts for virtual host 'localhost'
Mar 09, 2017 12:36:59 AM org.apache.catalina.core.ApplicationContext log
INFO: Manager: restart: Reloading web application '/taylor_insurance_login'
Mar 09, 2017 12:44:23 AM org.apache.catalina.core.ApplicationContext log
INFO: Manager: list: Listing contexts for virtual host 'localhost'
Mar 09, 2017 12:44:23 AM org.apache.catalina.core.ApplicationContext log
INFO: Manager: restart: Reloading web application '/taylor_insurance_login'
Mar 09, 2017 12:45:18 AM org.apache.catalina.core.ApplicationContext log
INFO: Manager: list: Listing contexts for virtual host 'localhost'
Mar 09, 2017 12:45:18 AM org.apache.catalina.core.ApplicationContext log
INFO: Manager: restart: Reloading web application '/taylor_insurance_login'
Mar 09, 2017 12:53:24 AM org.apache.catalina.core.ApplicationContext log
INFO: Manager: list: Listing contexts for virtual host 'localhost'
Mar 09, 2017 12:53:24 AM org.apache.catalina.core.ApplicationContext log
INFO: Manager: restart: Reloading web application '/taylor_insurance_login'
Mar 09, 2017 12:54:47 AM org.apache.catalina.core.ApplicationContext log
INFO: Manager: list: Listing contexts for virtual host 'localhost'
Mar 09, 2017 12:54:47 AM org.apache.catalina.core.ApplicationContext log
INFO: Manager: restart: Reloading web application '/taylor_insurance_login'
Mar 09, 2017 1:00:48 AM org.apache.catalina.core.ApplicationContext log
INFO: Manager: list: Listing contexts for virtual host 'localhost'
Mar 09, 2017 1:00:48 AM org.apache.catalina.core.ApplicationContext log
INFO: Manager: restart: Reloading web application '/taylor_insurance_login'
Mar 09, 2017 1:03:55 AM org.apache.catalina.core.ApplicationContext log
INFO: Manager: list: Listing contexts for virtual host 'localhost'
Mar 09, 2017 1:03:55 AM org.apache.catalina.core.ApplicationContext log
INFO: Manager: restart: Reloading web application '/taylor_insurance_login'
Mar 09, 2017 1:07:09 AM org.apache.catalina.core.ApplicationContext log
INFO: Manager: list: Listing contexts for virtual host 'localhost'
Mar 09, 2017 1:07:09 AM org.apache.catalina.core.ApplicationContext log
INFO: Manager: stop: Stopping web application '/taylor_insurance_login'
Mar 09, 2017 1:07:09 AM org.apache.catalina.core.ApplicationContext log
INFO: Manager: start: Starting web application '/taylor_insurance_login'
Mar 09, 2017 1:17:15 AM org.apache.catalina.core.ApplicationContext log
INFO: Manager: list: Listing contexts for virtual host 'localhost'
Mar 09, 2017 1:17:15 AM org.apache.catalina.core.ApplicationContext log
INFO: Manager: restart: Reloading web application '/taylor_insurance_login'
Mar 09, 2017 1:17:23 AM org.apache.catalina.core.ApplicationContext log
INFO: Manager: list: Listing contexts for virtual host 'localhost'
Mar 09, 2017 1:17:23 AM org.apache.catalina.core.ApplicationContext log
INFO: Manager: stop: Stopping web application '/taylor_insurance_login'
Mar 09, 2017 1:17:23 AM org.apache.catalina.core.ApplicationContext log
INFO: Manager: start: Starting web application '/taylor_insurance_login'
Mar 09, 2017 1:21:02 AM org.apache.catalina.core.ApplicationContext log
INFO: Manager: list: Listing contexts for virtual host 'localhost'
Mar 09, 2017 1:21:02 AM org.apache.catalina.core.ApplicationContext log
INFO: Manager: stop: Stopping web application '/taylor_insurance_login'
Mar 09, 2017 1:21:02 AM org.apache.catalina.core.ApplicationContext log
INFO: Manager: start: Starting web application '/taylor_insurance_login'
Mar 09, 2017 1:22:44 AM org.apache.catalina.core.ApplicationContext log
INFO: Manager: list: Listing contexts for virtual host 'localhost'
Mar 09, 2017 1:22:44 AM org.apache.catalina.core.ApplicationContext log
INFO: Manager: stop: Stopping web application '/taylor_insurance_login'
Mar 09, 2017 1:22:44 AM org.apache.catalina.core.ApplicationContext log
INFO: Manager: start: Starting web application '/taylor_insurance_login'
Mar 09, 2017 1:24:05 AM org.apache.catalina.core.ApplicationContext log
INFO: Manager: list: Listing contexts for virtual host 'localhost'
Mar 09, 2017 1:24:05 AM org.apache.catalina.core.ApplicationContext log
INFO: Manager: stop: Stopping web application '/taylor_insurance_login'
Mar 09, 2017 1:24:05 AM org.apache.catalina.core.ApplicationContext log
INFO: Manager: start: Starting web application '/taylor_insurance_login'
Mar 09, 2017 1:24:05 AM org.apache.catalina.core.ApplicationContext log
SEVERE: FAIL - Application at context path /taylor_insurance_login could not be started
org.apache.catalina.LifecycleException: Failed to start component [StandardEngine[Catalina].StandardHost[localhost].StandardContext[/taylor_insurance_login]]
	at org.apache.catalina.util.LifecycleBase.start(LifecycleBase.java:162)
	at org.apache.catalina.manager.ManagerServlet.start(ManagerServlet.java:1312)
	at org.apache.catalina.manager.ManagerServlet.doGet(ManagerServlet.java:383)
	at javax.servlet.http.HttpServlet.service(HttpServlet.java:624)
	at javax.servlet.http.HttpServlet.service(HttpServlet.java:731)
	at org.apache.catalina.core.ApplicationFilterChain.internalDoFilter(ApplicationFilterChain.java:303)
	at org.apache.catalina.core.ApplicationFilterChain.doFilter(ApplicationFilterChain.java:208)
	at org.apache.tomcat.websocket.server.WsFilter.doFilter(WsFilter.java:52)
	at org.apache.catalina.core.ApplicationFilterChain.internalDoFilter(ApplicationFilterChain.java:241)
	at org.apache.catalina.core.ApplicationFilterChain.doFilter(ApplicationFilterChain.java:208)
	at org.apache.catalina.filters.SetCharacterEncodingFilter.doFilter(SetCharacterEncodingFilter.java:108)
	at org.apache.catalina.core.ApplicationFilterChain.internalDoFilter(ApplicationFilterChain.java:241)
	at org.apache.catalina.core.ApplicationFilterChain.doFilter(ApplicationFilterChain.java:208)
	at org.apache.catalina.core.StandardWrapperValve.invoke(StandardWrapperValve.java:218)
	at org.apache.catalina.core.StandardContextValve.invoke(StandardContextValve.java:110)
	at org.apache.catalina.authenticator.AuthenticatorBase.invoke(AuthenticatorBase.java:615)
	at org.apache.catalina.core.StandardHostValve.invoke(StandardHostValve.java:169)
	at org.apache.catalina.valves.ErrorReportValve.invoke(ErrorReportValve.java:103)
	at org.apache.catalina.valves.AccessLogValve.invoke(AccessLogValve.java:962)
	at org.apache.catalina.core.StandardEngineValve.invoke(StandardEngineValve.java:116)
	at org.apache.catalina.connector.CoyoteAdapter.service(CoyoteAdapter.java:452)
	at org.apache.coyote.http11.AbstractHttp11Processor.process(AbstractHttp11Processor.java:1087)
	at org.apache.coyote.AbstractProtocol$AbstractConnectionHandler.process(AbstractProtocol.java:637)
	at org.apache.tomcat.util.net.AprEndpoint$SocketProcessor.doRun(AprEndpoint.java:2536)
	at org.apache.tomcat.util.net.AprEndpoint$SocketProcessor.run(AprEndpoint.java:2525)
	at java.util.concurrent.ThreadPoolExecutor.runWorker(ThreadPoolExecutor.java:1145)
	at java.util.concurrent.ThreadPoolExecutor$Worker.run(ThreadPoolExecutor.java:615)
	at org.apache.tomcat.util.threads.TaskThread$WrappingRunnable.run(TaskThread.java:61)
	at java.lang.Thread.run(Thread.java:745)
Caused by: java.lang.IllegalArgumentException: Invalid <url-pattern> null in servlet mapping
	at org.apache.catalina.core.StandardContext.addServletMapping(StandardContext.java:3429)
	at org.apache.catalina.core.StandardContext.addServletMapping(StandardContext.java:3404)
	at org.apache.catalina.deploy.WebXml.configureContext(WebXml.java:1438)
	at org.apache.catalina.startup.ContextConfig.webConfig(ContextConfig.java:1359)
	at org.apache.catalina.startup.ContextConfig.configureStart(ContextConfig.java:888)
	at org.apache.catalina.startup.ContextConfig.lifecycleEvent(ContextConfig.java:388)
	at org.apache.catalina.util.LifecycleSupport.fireLifecycleEvent(LifecycleSupport.java:117)
	at org.apache.catalina.util.LifecycleBase.fireLifecycleEvent(LifecycleBase.java:90)
	at org.apache.catalina.core.StandardContext.startInternal(StandardContext.java:5522)
	at org.apache.catalina.util.LifecycleBase.start(LifecycleBase.java:145)
	... 28 more

Mar 09, 2017 1:24:53 AM org.apache.catalina.core.ApplicationContext log
INFO: Manager: list: Listing contexts for virtual host 'localhost'
Mar 09, 2017 1:24:53 AM org.apache.catalina.core.ApplicationContext log
INFO: Manager: list: Listing contexts for virtual host 'localhost'
Mar 09, 2017 1:24:53 AM org.apache.catalina.core.ApplicationContext log
INFO: Manager: undeploy: Undeploying web application at '/taylor_insurance_login'
Mar 09, 2017 1:24:53 AM org.apache.catalina.core.ApplicationContext log
INFO: Manager: install: Installing context configuration at 'file:/C:/Users/tim/AppData/Local/Temp/context9101263653372392636.xml'
Mar 09, 2017 1:24:53 AM org.apache.catalina.core.ApplicationContext log
INFO: Manager: start: Starting web application '/taylor_insurance_login'
Mar 09, 2017 1:26:46 AM org.apache.catalina.core.ApplicationContext log
INFO: Manager: list: Listing contexts for virtual host 'localhost'
Mar 09, 2017 1:27:04 AM org.apache.catalina.core.ApplicationContext log
INFO: Manager: list: Listing contexts for virtual host 'localhost'
Mar 09, 2017 1:27:20 AM org.apache.catalina.core.ApplicationContext log
INFO: Manager: list: Listing contexts for virtual host 'localhost'
Mar 09, 2017 1:30:39 AM org.apache.catalina.core.ApplicationContext log
INFO: Manager: list: Listing contexts for virtual host 'localhost'
Mar 09, 2017 1:30:39 AM org.apache.catalina.core.ApplicationContext log
INFO: Manager: restart: Reloading web application '/taylor_insurance_login'
Mar 09, 2017 1:30:59 AM org.apache.catalina.core.ApplicationContext log
INFO: Manager: list: Listing contexts for virtual host 'localhost'
Mar 09, 2017 1:30:59 AM org.apache.catalina.core.ApplicationContext log
INFO: Manager: list: Listing contexts for virtual host 'localhost'
Mar 09, 2017 1:30:59 AM org.apache.catalina.core.ApplicationContext log
INFO: Manager: stop: Stopping web application '/taylor_insurance_login'
Mar 09, 2017 1:30:59 AM org.apache.catalina.core.ApplicationContext log
INFO: Manager: start: Starting web application '/taylor_insurance_login'
Mar 09, 2017 1:31:40 AM org.apache.catalina.core.ApplicationContext log
INFO: Manager: list: Listing contexts for virtual host 'localhost'
Mar 09, 2017 1:31:47 AM org.apache.catalina.core.ApplicationContext log
INFO: Manager: list: Listing contexts for virtual host 'localhost'
Mar 09, 2017 1:31:47 AM org.apache.catalina.core.ApplicationContext log
INFO: Manager: list: Listing contexts for virtual host 'localhost'
Mar 09, 2017 1:32:16 AM org.apache.catalina.core.ApplicationContext log
INFO: Manager: list: Listing contexts for virtual host 'localhost'
Mar 09, 2017 1:32:16 AM org.apache.catalina.core.ApplicationContext log
INFO: Manager: list: Listing contexts for virtual host 'localhost'
Mar 09, 2017 1:33:12 AM org.apache.catalina.core.ApplicationContext log
INFO: Manager: list: Listing contexts for virtual host 'localhost'
Mar 09, 2017 1:33:12 AM org.apache.catalina.core.ApplicationContext log
INFO: Manager: restart: Reloading web application '/taylor_insurance_login'
Mar 09, 2017 1:33:15 AM org.apache.catalina.core.ApplicationContext log
INFO: Manager: list: Listing contexts for virtual host 'localhost'
Mar 09, 2017 1:33:15 AM org.apache.catalina.core.ApplicationContext log
INFO: Manager: list: Listing contexts for virtual host 'localhost'
Mar 09, 2017 1:33:15 AM org.apache.catalina.core.ApplicationContext log
INFO: Manager: restart: Reloading web application '/taylor_insurance_login'
Mar 09, 2017 1:39:55 AM org.apache.catalina.core.ApplicationContext log
INFO: Manager: list: Listing contexts for virtual host 'localhost'
Mar 09, 2017 1:39:55 AM org.apache.catalina.core.ApplicationContext log
INFO: Manager: restart: Reloading web application '/taylor_insurance_login'
Mar 09, 2017 1:39:55 AM org.apache.catalina.core.ApplicationContext log
INFO: Manager: list: Listing contexts for virtual host 'localhost'
Mar 09, 2017 1:39:55 AM org.apache.catalina.core.ApplicationContext log
INFO: Manager: restart: Reloading web application '/taylor_insurance_login'
Mar 09, 2017 1:40:09 AM org.apache.catalina.core.ApplicationContext log
INFO: Manager: list: Listing contexts for virtual host 'localhost'
Mar 09, 2017 1:40:09 AM org.apache.catalina.core.ApplicationContext log
INFO: Manager: stop: Stopping web application '/taylor_insurance_login'
Mar 09, 2017 1:40:09 AM org.apache.catalina.core.ApplicationContext log
INFO: Manager: start: Starting web application '/taylor_insurance_login'
Mar 09, 2017 1:40:39 AM org.apache.catalina.core.ApplicationContext log
INFO: Manager: list: Listing contexts for virtual host 'localhost'
Mar 09, 2017 1:41:18 AM org.apache.catalina.core.ApplicationContext log
INFO: Manager: list: Listing contexts for virtual host 'localhost'
Mar 09, 2017 1:41:28 AM org.apache.catalina.core.ApplicationContext log
INFO: Manager: list: Listing contexts for virtual host 'localhost'
Mar 09, 2017 1:41:28 AM org.apache.catalina.core.ApplicationContext log
INFO: Manager: stop: Stopping web application '/taylor_insurance_login'
Mar 09, 2017 1:41:28 AM org.apache.catalina.core.ApplicationContext log
INFO: Manager: start: Starting web application '/taylor_insurance_login'
Mar 09, 2017 1:41:28 AM org.apache.catalina.core.ApplicationContext log
INFO: Manager: list: Listing contexts for virtual host 'localhost'
Mar 09, 2017 1:41:28 AM org.apache.catalina.core.ApplicationContext log
INFO: Manager: stop: Stopping web application '/taylor_insurance_login'
Mar 09, 2017 1:41:28 AM org.apache.catalina.core.ApplicationContext log
INFO: Manager: start: Starting web application '/taylor_insurance_login'
Mar 09, 2017 1:41:28 AM org.apache.catalina.core.ApplicationContext log
INFO: Manager: list: Listing contexts for virtual host 'localhost'
Mar 09, 2017 1:41:28 AM org.apache.catalina.core.ApplicationContext log
INFO: Manager: restart: Reloading web application '/taylor_insurance_login'
Mar 09, 2017 1:42:04 AM org.apache.catalina.core.ApplicationContext log
INFO: Manager: list: Listing contexts for virtual host 'localhost'
Mar 09, 2017 1:42:04 AM org.apache.catalina.core.ApplicationContext log
INFO: Manager: list: Listing contexts for virtual host 'localhost'
Mar 09, 2017 1:42:04 AM org.apache.catalina.core.ApplicationContext log
INFO: Manager: stop: Stopping web application '/taylor_insurance_login'
Mar 09, 2017 1:42:04 AM org.apache.catalina.core.ApplicationContext log
INFO: Manager: start: Starting web application '/taylor_insurance_login'
Mar 09, 2017 1:43:53 AM org.apache.catalina.core.ApplicationContext log
INFO: Manager: list: Listing contexts for virtual host 'localhost'
Mar 09, 2017 1:43:53 AM org.apache.catalina.core.ApplicationContext log
INFO: Manager: restart: Reloading web application '/taylor_insurance_login'
Mar 09, 2017 1:44:41 AM org.apache.catalina.core.ApplicationContext log
INFO: Manager: list: Listing contexts for virtual host 'localhost'
Mar 09, 2017 1:44:41 AM org.apache.catalina.core.ApplicationContext log
INFO: Manager: restart: Reloading web application '/taylor_insurance_login'
Mar 09, 2017 1:44:56 AM org.apache.catalina.core.ApplicationContext log
INFO: Manager: list: Listing contexts for virtual host 'localhost'
Mar 09, 2017 1:44:56 AM org.apache.catalina.core.ApplicationContext log
INFO: Manager: list: Listing contexts for virtual host 'localhost'
Mar 09, 2017 1:44:56 AM org.apache.catalina.core.ApplicationContext log
INFO: Manager: restart: Reloading web application '/taylor_insurance_login'
Mar 09, 2017 1:45:06 AM org.apache.catalina.core.ApplicationContext log
INFO: Manager: list: Listing contexts for virtual host 'localhost'
Mar 09, 2017 1:45:06 AM org.apache.catalina.core.ApplicationContext log
INFO: Manager: list: Listing contexts for virtual host 'localhost'
Mar 09, 2017 1:45:14 AM org.apache.catalina.core.ApplicationContext log
INFO: Manager: list: Listing contexts for virtual host 'localhost'
Mar 09, 2017 1:45:14 AM org.apache.catalina.core.ApplicationContext log
INFO: Manager: list: Listing contexts for virtual host 'localhost'
Mar 09, 2017 1:45:28 AM org.apache.catalina.core.ApplicationContext log
INFO: Manager: list: Listing contexts for virtual host 'localhost'
Mar 09, 2017 1:45:28 AM org.apache.catalina.core.ApplicationContext log
INFO: Manager: undeploy: Undeploying web application at '/taylor_insurance_login'
Mar 09, 2017 1:45:51 AM org.apache.catalina.core.ApplicationContext log
INFO: Manager: list: Listing contexts for virtual host 'localhost'
Mar 09, 2017 1:45:51 AM org.apache.catalina.core.ApplicationContext log
INFO: Manager: list: Listing contexts for virtual host 'localhost'
Mar 09, 2017 1:45:51 AM org.apache.catalina.core.ApplicationContext log
INFO: Manager: install: Installing context configuration at 'file:/C:/Users/tim/AppData/Local/Temp/context7045178057343932369.xml'
Mar 09, 2017 1:45:51 AM org.apache.catalina.core.ApplicationContext log
INFO: Manager: start: Starting web application '/taylor_insurance_login'
Mar 09, 2017 1:45:58 AM org.apache.catalina.core.ApplicationContext log
INFO: Manager: list: Listing contexts for virtual host 'localhost'
Mar 09, 2017 1:45:58 AM org.apache.catalina.core.ApplicationContext log
INFO: Manager: list: Listing contexts for virtual host 'localhost'
Mar 09, 2017 1:46:01 AM org.apache.catalina.core.ApplicationContext log
INFO: Manager: list: Listing contexts for virtual host 'localhost'
Mar 09, 2017 1:46:01 AM org.apache.catalina.core.ApplicationContext log
INFO: Manager: list: Listing contexts for virtual host 'localhost'
Mar 09, 2017 1:46:08 AM org.apache.catalina.core.ApplicationContext log
INFO: Manager: list: Listing contexts for virtual host 'localhost'
Mar 09, 2017 1:46:08 AM org.apache.catalina.core.ApplicationContext log
INFO: Manager: list: Listing contexts for virtual host 'localhost'
Mar 09, 2017 1:46:48 AM org.apache.catalina.core.ApplicationContext log
INFO: Manager: list: Listing contexts for virtual host 'localhost'
Mar 09, 2017 1:46:48 AM org.apache.catalina.core.ApplicationContext log
INFO: Manager: restart: Reloading web application '/taylor_insurance_login'
Mar 09, 2017 1:46:51 AM org.apache.catalina.core.ApplicationContext log
INFO: Manager: list: Listing contexts for virtual host 'localhost'
Mar 09, 2017 1:46:51 AM org.apache.catalina.core.ApplicationContext log
INFO: Manager: list: Listing contexts for virtual host 'localhost'
Mar 09, 2017 1:46:51 AM org.apache.catalina.core.ApplicationContext log
INFO: Manager: restart: Reloading web application '/taylor_insurance_login'
Mar 09, 2017 1:47:35 AM org.apache.catalina.core.ApplicationContext log
INFO: Manager: init: Associated with Deployer 'Catalina:type=Deployer,host=localhost'
Mar 09, 2017 1:47:35 AM org.apache.catalina.core.ApplicationContext log
INFO: Manager: init: Global resources are available
Mar 09, 2017 1:47:35 AM org.apache.catalina.core.ApplicationContext log
INFO: Manager: list: Listing contexts for virtual host 'localhost'
Mar 09, 2017 1:47:35 AM org.apache.catalina.core.ApplicationContext log
INFO: Manager: list: Listing contexts for virtual host 'localhost'
Mar 09, 2017 1:48:56 AM org.apache.catalina.core.ApplicationContext log
INFO: Manager: list: Listing contexts for virtual host 'localhost'
Mar 09, 2017 1:49:07 AM org.apache.catalina.core.ApplicationContext log
INFO: Manager: list: Listing contexts for virtual host 'localhost'
Mar 09, 2017 1:49:07 AM org.apache.catalina.core.ApplicationContext log
INFO: Manager: list: Listing contexts for virtual host 'localhost'
Mar 09, 2017 1:50:26 AM org.apache.catalina.core.ApplicationContext log
INFO: Manager: list: Listing contexts for virtual host 'localhost'
Mar 09, 2017 1:50:26 AM org.apache.catalina.core.ApplicationContext log
INFO: Manager: restart: Reloading web application '/taylor_insurance_login'
Mar 09, 2017 1:50:49 AM org.apache.catalina.core.ApplicationContext log
INFO: Manager: list: Listing contexts for virtual host 'localhost'
Mar 09, 2017 1:50:49 AM org.apache.catalina.core.ApplicationContext log
INFO: Manager: restart: Reloading web application '/taylor_insurance_login'
Mar 09, 2017 1:50:59 AM org.apache.catalina.core.ApplicationContext log
INFO: Manager: list: Listing contexts for virtual host 'localhost'
Mar 09, 2017 1:50:59 AM org.apache.catalina.core.ApplicationContext log
INFO: Manager: restart: Reloading web application '/taylor_insurance_login'
Mar 09, 2017 1:51:04 AM org.apache.catalina.core.ApplicationContext log
INFO: Manager: list: Listing contexts for virtual host 'localhost'
Mar 09, 2017 1:51:04 AM org.apache.catalina.core.ApplicationContext log
INFO: Manager: list: Listing contexts for virtual host 'localhost'
Mar 09, 2017 1:51:04 AM org.apache.catalina.core.ApplicationContext log
INFO: Manager: restart: Reloading web application '/taylor_insurance_login'
Mar 09, 2017 1:55:02 AM org.apache.catalina.core.ApplicationContext log
INFO: Manager: list: Listing contexts for virtual host 'localhost'
Mar 09, 2017 1:55:02 AM org.apache.catalina.core.ApplicationContext log
INFO: Manager: list: Listing contexts for virtual host 'localhost'
Mar 09, 2017 1:56:22 AM org.apache.catalina.core.ApplicationContext log
INFO: Manager: list: Listing contexts for virtual host 'localhost'
Mar 09, 2017 1:56:22 AM org.apache.catalina.core.ApplicationContext log
INFO: Manager: list: Listing contexts for virtual host 'localhost'
Mar 09, 2017 1:57:04 AM org.apache.catalina.core.ApplicationContext log
INFO: Manager: init: Associated with Deployer 'Catalina:type=Deployer,host=localhost'
Mar 09, 2017 1:57:04 AM org.apache.catalina.core.ApplicationContext log
INFO: Manager: init: Global resources are available
Mar 09, 2017 1:57:04 AM org.apache.catalina.core.ApplicationContext log
INFO: Manager: list: Listing contexts for virtual host 'localhost'
Mar 09, 2017 1:57:04 AM org.apache.catalina.core.ApplicationContext log
INFO: Manager: list: Listing contexts for virtual host 'localhost'
Mar 09, 2017 1:57:04 AM org.apache.catalina.core.ApplicationContext log
INFO: Manager: undeploy: Undeploying web application at '/taylor_insurance_login'
Mar 09, 2017 1:57:05 AM org.apache.catalina.core.ApplicationContext log
INFO: Manager: install: Installing context configuration at 'file:/C:/Users/tim/AppData/Local/Temp/context7872670107094126116.xml'
Mar 09, 2017 1:57:05 AM org.apache.catalina.core.ApplicationContext log
INFO: Manager: start: Starting web application '/taylor_insurance_login'
Mar 09, 2017 2:04:53 AM org.apache.catalina.core.ApplicationContext log
INFO: Manager: list: Listing contexts for virtual host 'localhost'
Mar 09, 2017 2:04:53 AM org.apache.catalina.core.ApplicationContext log
INFO: Manager: list: Listing contexts for virtual host 'localhost'
Mar 09, 2017 2:04:53 AM org.apache.catalina.core.ApplicationContext log
INFO: Manager: install: Installing context configuration at 'file:/C:/Users/tim/AppData/Local/Temp/context2041434331290725825.xml'
Mar 09, 2017 2:04:53 AM org.apache.catalina.core.ApplicationContext log
INFO: Manager: start: Starting web application '/ch02email'
Mar 09, 2017 2:05:57 AM org.apache.catalina.core.ApplicationContext log
INFO: Manager: list: Listing contexts for virtual host 'localhost'
Mar 09, 2017 2:06:07 AM org.apache.catalina.core.ApplicationContext log
INFO: Manager: list: Listing contexts for virtual host 'localhost'
Mar 09, 2017 2:06:07 AM org.apache.catalina.core.ApplicationContext log
INFO: Manager: list: Listing contexts for virtual host 'localhost'
Mar 09, 2017 2:07:22 AM org.apache.catalina.core.ApplicationContext log
INFO: Manager: list: Listing contexts for virtual host 'localhost'
Mar 09, 2017 2:08:40 AM org.apache.catalina.core.ApplicationContext log
INFO: Manager: list: Listing contexts for virtual host 'localhost'
Mar 09, 2017 2:08:40 AM org.apache.catalina.core.ApplicationContext log
INFO: Manager: restart: Reloading web application '/taylor_insurance_login'
Mar 09, 2017 2:09:03 AM org.apache.catalina.core.ApplicationContext log
INFO: Manager: list: Listing contexts for virtual host 'localhost'
Mar 09, 2017 2:09:03 AM org.apache.catalina.core.ApplicationContext log
INFO: Manager: list: Listing contexts for virtual host 'localhost'
Mar 09, 2017 2:09:03 AM org.apache.catalina.core.ApplicationContext log
INFO: Manager: restart: Reloading web application '/taylor_insurance_login'
Mar 09, 2017 2:10:10 AM org.apache.catalina.core.ApplicationContext log
INFO: Manager: list: Listing contexts for virtual host 'localhost'
Mar 09, 2017 2:10:14 AM org.apache.catalina.core.ApplicationContext log
INFO: Manager: list: Listing contexts for virtual host 'localhost'
Mar 09, 2017 2:10:14 AM org.apache.catalina.core.ApplicationContext log
INFO: Manager: list: Listing contexts for virtual host 'localhost'
Mar 09, 2017 2:10:42 AM org.apache.catalina.core.ApplicationContext log
INFO: Manager: list: Listing contexts for virtual host 'localhost'
Mar 09, 2017 2:11:25 AM org.apache.catalina.core.ApplicationContext log
INFO: Manager: list: Listing contexts for virtual host 'localhost'
Mar 09, 2017 2:11:25 AM org.apache.catalina.core.ApplicationContext log
INFO: Manager: stop: Stopping web application '/taylor_insurance_login'
Mar 09, 2017 2:11:25 AM org.apache.catalina.core.ApplicationContext log
INFO: Manager: start: Starting web application '/taylor_insurance_login'
Mar 09, 2017 2:11:59 AM org.apache.catalina.core.ApplicationContext log
INFO: Manager: list: Listing contexts for virtual host 'localhost'
Mar 09, 2017 2:11:59 AM org.apache.catalina.core.ApplicationContext log
INFO: Manager: list: Listing contexts for virtual host 'localhost'
Mar 09, 2017 2:11:59 AM org.apache.catalina.core.ApplicationContext log
INFO: Manager: stop: Stopping web application '/taylor_insurance_login'
Mar 09, 2017 2:11:59 AM org.apache.catalina.core.ApplicationContext log
INFO: Manager: start: Starting web application '/taylor_insurance_login'
Mar 09, 2017 2:13:59 AM org.apache.catalina.core.ApplicationContext log
INFO: Manager: list: Listing contexts for virtual host 'localhost'
Mar 09, 2017 2:13:59 AM org.apache.catalina.core.ApplicationContext log
INFO: Manager: restart: Reloading web application '/taylor_insurance_login'
Mar 09, 2017 2:14:02 AM org.apache.catalina.core.ApplicationContext log
INFO: Manager: list: Listing contexts for virtual host 'localhost'
Mar 09, 2017 2:14:02 AM org.apache.catalina.core.ApplicationContext log
INFO: Manager: list: Listing contexts for virtual host 'localhost'
Mar 09, 2017 2:14:02 AM org.apache.catalina.core.ApplicationContext log
INFO: Manager: restart: Reloading web application '/taylor_insurance_login'
Mar 09, 2017 2:16:29 AM org.apache.catalina.core.ApplicationContext log
INFO: Manager: list: Listing contexts for virtual host 'localhost'
Mar 09, 2017 2:16:29 AM org.apache.catalina.core.ApplicationContext log
INFO: Manager: restart: Reloading web application '/taylor_insurance_login'
Mar 09, 2017 2:16:34 AM org.apache.catalina.core.ApplicationContext log
INFO: Manager: list: Listing contexts for virtual host 'localhost'
Mar 09, 2017 2:16:34 AM org.apache.catalina.core.ApplicationContext log
INFO: Manager: list: Listing contexts for virtual host 'localhost'
Mar 09, 2017 2:16:34 AM org.apache.catalina.core.ApplicationContext log
INFO: Manager: restart: Reloading web application '/taylor_insurance_login'
Mar 09, 2017 2:17:36 AM org.apache.catalina.core.ApplicationContext log
INFO: Manager: list: Listing contexts for virtual host 'localhost'
Mar 09, 2017 2:17:36 AM org.apache.catalina.core.ApplicationContext log
INFO: Manager: restart: Reloading web application '/taylor_insurance_login'
Mar 09, 2017 2:17:48 AM org.apache.catalina.core.ApplicationContext log
INFO: Manager: list: Listing contexts for virtual host 'localhost'
Mar 09, 2017 2:17:48 AM org.apache.catalina.core.ApplicationContext log
INFO: Manager: list: Listing contexts for virtual host 'localhost'
Mar 09, 2017 2:17:48 AM org.apache.catalina.core.ApplicationContext log
INFO: Manager: restart: Reloading web application '/taylor_insurance_login'
Mar 09, 2017 2:18:46 AM org.apache.catalina.core.ApplicationContext log
INFO: Manager: list: Listing contexts for virtual host 'localhost'
Mar 09, 2017 2:18:46 AM org.apache.catalina.core.ApplicationContext log
INFO: Manager: restart: Reloading web application '/taylor_insurance_login'
Mar 09, 2017 2:18:49 AM org.apache.catalina.core.ApplicationContext log
INFO: Manager: list: Listing contexts for virtual host 'localhost'
Mar 09, 2017 2:18:49 AM org.apache.catalina.core.ApplicationContext log
INFO: Manager: list: Listing contexts for virtual host 'localhost'
Mar 09, 2017 2:18:49 AM org.apache.catalina.core.ApplicationContext log
INFO: Manager: restart: Reloading web application '/taylor_insurance_login'
Mar 09, 2017 2:20:07 AM org.apache.catalina.core.ApplicationContext log
INFO: Manager: list: Listing contexts for virtual host 'localhost'
Mar 09, 2017 2:20:07 AM org.apache.catalina.core.ApplicationContext log
INFO: Manager: restart: Reloading web application '/taylor_insurance_login'
Mar 09, 2017 2:22:16 AM org.apache.catalina.core.ApplicationContext log
INFO: Manager: list: Listing contexts for virtual host 'localhost'
Mar 09, 2017 2:22:16 AM org.apache.catalina.core.ApplicationContext log
INFO: Manager: list: Listing contexts for virtual host 'localhost'
Mar 09, 2017 2:22:16 AM org.apache.catalina.core.ApplicationContext log
INFO: Manager: restart: Reloading web application '/taylor_insurance_login'
Mar 09, 2017 2:23:51 AM org.apache.catalina.core.ApplicationContext log
INFO: Manager: list: Listing contexts for virtual host 'localhost'
Mar 09, 2017 2:23:51 AM org.apache.catalina.core.ApplicationContext log
INFO: Manager: restart: Reloading web application '/taylor_insurance_login'
Mar 09, 2017 2:24:59 AM org.apache.catalina.core.ApplicationContext log
INFO: Manager: list: Listing contexts for virtual host 'localhost'
Mar 09, 2017 2:24:59 AM org.apache.catalina.core.ApplicationContext log
INFO: Manager: restart: Reloading web application '/taylor_insurance_login'
Mar 09, 2017 2:26:03 AM org.apache.catalina.core.ApplicationContext log
INFO: Manager: init: Associated with Deployer 'Catalina:type=Deployer,host=localhost'
Mar 09, 2017 2:26:03 AM org.apache.catalina.core.ApplicationContext log
INFO: Manager: init: Global resources are available
Mar 09, 2017 2:26:03 AM org.apache.catalina.core.ApplicationContext log
INFO: Manager: list: Listing contexts for virtual host 'localhost'
Mar 09, 2017 2:26:03 AM org.apache.catalina.core.ApplicationContext log
INFO: Manager: list: Listing contexts for virtual host 'localhost'
Mar 09, 2017 2:26:04 AM org.apache.catalina.core.ApplicationContext log
INFO: Manager: restart: Reloading web application '/taylor_insurance_login'
Mar 09, 2017 2:27:44 AM org.apache.catalina.core.ApplicationContext log
INFO: Manager: list: Listing contexts for virtual host 'localhost'
Mar 09, 2017 2:27:44 AM org.apache.catalina.core.ApplicationContext log
INFO: Manager: list: Listing contexts for virtual host 'localhost'
Mar 09, 2017 2:28:07 AM org.apache.catalina.core.ApplicationContext log
INFO: Manager: list: Listing contexts for virtual host 'localhost'
Mar 09, 2017 2:28:07 AM org.apache.catalina.core.ApplicationContext log
INFO: Manager: undeploy: Undeploying web application at '/taylor_insurance_login'
Mar 09, 2017 2:28:13 AM org.apache.catalina.core.ApplicationContext log
INFO: Manager: list: Listing contexts for virtual host 'localhost'
Mar 09, 2017 2:28:13 AM org.apache.catalina.core.ApplicationContext log
INFO: Manager: list: Listing contexts for virtual host 'localhost'
Mar 09, 2017 2:28:13 AM org.apache.catalina.core.ApplicationContext log
INFO: Manager: install: Installing context configuration at 'file:/C:/Users/tim/AppData/Local/Temp/context5606629134974958712.xml'
Mar 09, 2017 2:28:13 AM org.apache.catalina.core.ApplicationContext log
INFO: Manager: start: Starting web application '/taylor_insurance_login'
Mar 09, 2017 2:29:00 AM org.apache.catalina.core.ApplicationContext log
INFO: Manager: list: Listing contexts for virtual host 'localhost'
Mar 09, 2017 2:29:00 AM org.apache.catalina.core.ApplicationContext log
INFO: Manager: restart: Reloading web application '/taylor_insurance_login'
Mar 09, 2017 2:29:07 AM org.apache.catalina.core.ApplicationContext log
INFO: Manager: list: Listing contexts for virtual host 'localhost'
Mar 09, 2017 2:29:07 AM org.apache.catalina.core.ApplicationContext log
INFO: Manager: list: Listing contexts for virtual host 'localhost'
Mar 09, 2017 2:29:07 AM org.apache.catalina.core.ApplicationContext log
INFO: Manager: restart: Reloading web application '/taylor_insurance_login'
Mar 09, 2017 2:31:24 AM org.apache.catalina.core.ApplicationContext log
INFO: Manager: list: Listing contexts for virtual host 'localhost'
Mar 09, 2017 2:31:24 AM org.apache.catalina.core.ApplicationContext log
INFO: Manager: restart: Reloading web application '/taylor_insurance_login'
Mar 09, 2017 2:31:47 AM org.apache.catalina.core.ApplicationContext log
INFO: Manager: list: Listing contexts for virtual host 'localhost'
Mar 09, 2017 2:31:47 AM org.apache.catalina.core.ApplicationContext log
INFO: Manager: restart: Reloading web application '/taylor_insurance_login'
Mar 09, 2017 2:32:06 AM org.apache.catalina.core.ApplicationContext log
INFO: Manager: list: Listing contexts for virtual host 'localhost'
Mar 09, 2017 2:32:06 AM org.apache.catalina.core.ApplicationContext log
INFO: Manager: list: Listing contexts for virtual host 'localhost'
Mar 09, 2017 2:32:06 AM org.apache.catalina.core.ApplicationContext log
INFO: Manager: restart: Reloading web application '/taylor_insurance_login'
Mar 09, 2017 2:33:31 AM org.apache.catalina.core.ApplicationContext log
INFO: Manager: list: Listing contexts for virtual host 'localhost'
Mar 09, 2017 2:33:31 AM org.apache.catalina.core.ApplicationContext log
INFO: Manager: restart: Reloading web application '/taylor_insurance_login'
Mar 09, 2017 2:33:50 AM org.apache.catalina.core.ApplicationContext log
INFO: Manager: list: Listing contexts for virtual host 'localhost'
Mar 09, 2017 2:33:50 AM org.apache.catalina.core.ApplicationContext log
INFO: Manager: restart: Reloading web application '/taylor_insurance_login'
Mar 09, 2017 2:33:58 AM org.apache.catalina.core.ApplicationContext log
INFO: Manager: list: Listing contexts for virtual host 'localhost'
Mar 09, 2017 2:33:58 AM org.apache.catalina.core.ApplicationContext log
INFO: Manager: list: Listing contexts for virtual host 'localhost'
Mar 09, 2017 2:33:58 AM org.apache.catalina.core.ApplicationContext log
INFO: Manager: restart: Reloading web application '/taylor_insurance_login'
Mar 09, 2017 2:35:16 AM org.apache.catalina.core.ApplicationContext log
INFO: Manager: list: Listing contexts for virtual host 'localhost'
Mar 09, 2017 2:35:16 AM org.apache.catalina.core.ApplicationContext log
INFO: Manager: restart: Reloading web application '/taylor_insurance_login'
Mar 09, 2017 2:35:23 AM org.apache.catalina.core.ApplicationContext log
INFO: Manager: list: Listing contexts for virtual host 'localhost'
Mar 09, 2017 2:35:23 AM org.apache.catalina.core.ApplicationContext log
INFO: Manager: restart: Reloading web application '/taylor_insurance_login'
Mar 09, 2017 2:35:27 AM org.apache.catalina.core.ApplicationContext log
INFO: Manager: list: Listing contexts for virtual host 'localhost'
Mar 09, 2017 2:35:27 AM org.apache.catalina.core.ApplicationContext log
INFO: Manager: list: Listing contexts for virtual host 'localhost'
Mar 09, 2017 2:35:27 AM org.apache.catalina.core.ApplicationContext log
INFO: Manager: restart: Reloading web application '/taylor_insurance_login'
Mar 09, 2017 2:36:34 AM org.apache.catalina.core.ApplicationContext log
INFO: Manager: list: Listing contexts for virtual host 'localhost'
Mar 09, 2017 2:36:34 AM org.apache.catalina.core.ApplicationContext log
INFO: Manager: list: Listing contexts for virtual host 'localhost'
Mar 09, 2017 10:48:57 PM org.apache.catalina.core.ApplicationContext log
INFO: Manager: init: Associated with Deployer 'Catalina:type=Deployer,host=localhost'
Mar 09, 2017 10:48:57 PM org.apache.catalina.core.ApplicationContext log
INFO: Manager: init: Global resources are available
Mar 09, 2017 10:48:57 PM org.apache.catalina.core.ApplicationContext log
INFO: Manager: list: Listing contexts for virtual host 'localhost'
Mar 09, 2017 10:48:57 PM org.apache.catalina.core.ApplicationContext log
INFO: Manager: list: Listing contexts for virtual host 'localhost'
Mar 09, 2017 10:48:57 PM org.apache.catalina.core.ApplicationContext log
INFO: Manager: restart: Reloading web application '/taylor_insurance_login'
Mar 09, 2017 10:50:08 PM org.apache.catalina.core.ApplicationContext log
INFO: Manager: list: Listing contexts for virtual host 'localhost'
Mar 09, 2017 10:50:08 PM org.apache.catalina.core.ApplicationContext log
INFO: Manager: restart: Reloading web application '/taylor_insurance_login'
Mar 09, 2017 10:50:12 PM org.apache.catalina.core.ApplicationContext log
INFO: Manager: list: Listing contexts for virtual host 'localhost'
Mar 09, 2017 10:50:12 PM org.apache.catalina.core.ApplicationContext log
INFO: Manager: list: Listing contexts for virtual host 'localhost'
Mar 09, 2017 10:50:12 PM org.apache.catalina.core.ApplicationContext log
INFO: Manager: restart: Reloading web application '/taylor_insurance_login'
Mar 09, 2017 10:50:17 PM org.apache.catalina.core.ApplicationContext log
INFO: Manager: list: Listing contexts for virtual host 'localhost'
Mar 09, 2017 10:50:17 PM org.apache.catalina.core.ApplicationContext log
INFO: Manager: list: Listing contexts for virtual host 'localhost'
Mar 09, 2017 10:51:50 PM org.apache.catalina.core.ApplicationContext log
INFO: Manager: list: Listing contexts for virtual host 'localhost'
Mar 09, 2017 10:51:51 PM org.apache.catalina.core.ApplicationContext log
INFO: Manager: undeploy: Undeploying web application at '/taylor_insurance_login'
Mar 09, 2017 10:52:17 PM org.apache.catalina.core.ApplicationContext log
INFO: Manager: list: Listing contexts for virtual host 'localhost'
Mar 09, 2017 10:52:17 PM org.apache.catalina.core.ApplicationContext log
INFO: Manager: list: Listing contexts for virtual host 'localhost'
Mar 09, 2017 10:52:17 PM org.apache.catalina.core.ApplicationContext log
INFO: Manager: install: Installing context configuration at 'file:/C:/Users/tim/AppData/Local/Temp/context7421726429592047754.xml'
Mar 09, 2017 10:52:17 PM org.apache.catalina.core.ApplicationContext log
INFO: Manager: start: Starting web application '/taylor_insurance_login'
Mar 09, 2017 10:53:26 PM org.apache.catalina.core.ApplicationContext log
INFO: Manager: list: Listing contexts for virtual host 'localhost'
Mar 09, 2017 10:53:26 PM org.apache.catalina.core.ApplicationContext log
INFO: Manager: list: Listing contexts for virtual host 'localhost'
Mar 09, 2017 10:54:30 PM org.apache.catalina.core.ApplicationContext log
INFO: Manager: init: Associated with Deployer 'Catalina:type=Deployer,host=localhost'
Mar 09, 2017 10:54:30 PM org.apache.catalina.core.ApplicationContext log
INFO: Manager: init: Global resources are available
Mar 09, 2017 10:54:30 PM org.apache.catalina.core.ApplicationContext log
INFO: Manager: list: Listing contexts for virtual host 'localhost'
Mar 09, 2017 10:54:30 PM org.apache.catalina.core.ApplicationContext log
INFO: Manager: list: Listing contexts for virtual host 'localhost'
Mar 09, 2017 11:03:20 PM org.apache.catalina.core.ApplicationContext log
INFO: Manager: list: Listing contexts for virtual host 'localhost'
Mar 09, 2017 11:03:20 PM org.apache.catalina.core.ApplicationContext log
INFO: Manager: restart: Reloading web application '/taylor_insurance_login'
Mar 09, 2017 11:05:19 PM org.apache.catalina.core.ApplicationContext log
INFO: Manager: list: Listing contexts for virtual host 'localhost'
Mar 09, 2017 11:05:19 PM org.apache.catalina.core.ApplicationContext log
INFO: Manager: restart: Reloading web application '/taylor_insurance_login'
Mar 09, 2017 11:14:02 PM org.apache.catalina.core.ApplicationContext log
INFO: Manager: list: Listing contexts for virtual host 'localhost'
Mar 09, 2017 11:14:02 PM org.apache.catalina.core.ApplicationContext log
INFO: Manager: restart: Reloading web application '/taylor_insurance_login'
Mar 09, 2017 11:14:11 PM org.apache.catalina.core.ApplicationContext log
INFO: Manager: list: Listing contexts for virtual host 'localhost'
Mar 09, 2017 11:14:11 PM org.apache.catalina.core.ApplicationContext log
INFO: Manager: list: Listing contexts for virtual host 'localhost'
Mar 09, 2017 11:14:11 PM org.apache.catalina.core.ApplicationContext log
INFO: Manager: restart: Reloading web application '/taylor_insurance_login'
Mar 09, 2017 11:16:13 PM org.apache.catalina.core.ApplicationContext log
INFO: Manager: list: Listing contexts for virtual host 'localhost'
Mar 09, 2017 11:16:13 PM org.apache.catalina.core.ApplicationContext log
INFO: Manager: restart: Reloading web application '/taylor_insurance_login'
Mar 09, 2017 11:17:38 PM org.apache.catalina.core.ApplicationContext log
INFO: Manager: list: Listing contexts for virtual host 'localhost'
Mar 09, 2017 11:17:38 PM org.apache.catalina.core.ApplicationContext log
INFO: Manager: restart: Reloading web application '/taylor_insurance_login'
Mar 09, 2017 11:18:02 PM org.apache.catalina.core.ApplicationContext log
INFO: Manager: list: Listing contexts for virtual host 'localhost'
Mar 09, 2017 11:18:02 PM org.apache.catalina.core.ApplicationContext log
INFO: Manager: restart: Reloading web application '/taylor_insurance_login'
Mar 09, 2017 11:18:38 PM org.apache.catalina.core.ApplicationContext log
INFO: Manager: list: Listing contexts for virtual host 'localhost'
Mar 09, 2017 11:18:38 PM org.apache.catalina.core.ApplicationContext log
INFO: Manager: restart: Reloading web application '/taylor_insurance_login'
Mar 09, 2017 11:32:58 PM org.apache.catalina.core.ApplicationContext log
INFO: Manager: list: Listing contexts for virtual host 'localhost'
Mar 09, 2017 11:32:58 PM org.apache.catalina.core.ApplicationContext log
INFO: Manager: list: Listing contexts for virtual host 'localhost'
Mar 09, 2017 11:32:58 PM org.apache.catalina.core.ApplicationContext log
INFO: Manager: restart: Reloading web application '/taylor_insurance_login'
Mar 09, 2017 11:34:18 PM org.apache.catalina.core.ApplicationContext log
INFO: Manager: list: Listing contexts for virtual host 'localhost'
Mar 09, 2017 11:34:18 PM org.apache.catalina.core.ApplicationContext log
INFO: Manager: list: Listing contexts for virtual host 'localhost'
Mar 09, 2017 11:34:57 PM org.apache.catalina.core.ApplicationContext log
INFO: Manager: init: Associated with Deployer 'Catalina:type=Deployer,host=localhost'
Mar 09, 2017 11:34:57 PM org.apache.catalina.core.ApplicationContext log
INFO: Manager: init: Global resources are available
Mar 09, 2017 11:34:57 PM org.apache.catalina.core.ApplicationContext log
INFO: Manager: list: Listing contexts for virtual host 'localhost'
Mar 09, 2017 11:34:57 PM org.apache.catalina.core.ApplicationContext log
INFO: Manager: list: Listing contexts for virtual host 'localhost'
Mar 09, 2017 11:34:57 PM org.apache.catalina.core.ApplicationContext log
INFO: Manager: restart: Reloading web application '/taylor_insurance_login'
Mar 09, 2017 11:35:47 PM org.apache.catalina.core.ApplicationContext log
INFO: Manager: list: Listing contexts for virtual host 'localhost'
Mar 09, 2017 11:35:47 PM org.apache.catalina.core.ApplicationContext log
INFO: Manager: list: Listing contexts for virtual host 'localhost'
Mar 09, 2017 11:35:47 PM org.apache.catalina.core.ApplicationContext log
INFO: Manager: install: Installing context configuration at 'file:/C:/Users/tim/AppData/Local/Temp/context5966605399876707354.xml'
Mar 09, 2017 11:35:47 PM org.apache.catalina.core.ApplicationContext log
INFO: Manager: start: Starting web application '/musicStore'
