Mar 22, 2017 7:30:03 PM org.apache.catalina.core.ApplicationContext log
INFO: Manager: init: Associated with Deployer 'Catalina:type=Deployer,host=localhost'
Mar 22, 2017 7:30:03 PM org.apache.catalina.core.ApplicationContext log
INFO: Manager: init: Global resources are available
Mar 22, 2017 7:30:03 PM org.apache.catalina.core.ApplicationContext log
INFO: Manager: list: Listing contexts for virtual host 'localhost'
Mar 22, 2017 7:30:03 PM org.apache.catalina.core.ApplicationContext log
INFO: Manager: list: Listing contexts for virtual host 'localhost'
Mar 22, 2017 7:30:03 PM org.apache.catalina.core.ApplicationContext log
INFO: Manager: install: Installing context configuration at 'file:/C:/Users/tim/AppData/Local/Temp/context6378747632579208164.xml'
Mar 22, 2017 7:30:03 PM org.apache.catalina.core.ApplicationContext log
INFO: Manager: start: Starting web application '/TaylorInsurance'
Mar 22, 2017 7:32:05 PM org.apache.catalina.core.ApplicationContext log
INFO: Manager: list: Listing contexts for virtual host 'localhost'
Mar 22, 2017 7:32:05 PM org.apache.catalina.core.ApplicationContext log
INFO: Manager: list: Listing contexts for virtual host 'localhost'
Mar 22, 2017 7:33:01 PM org.apache.catalina.core.ApplicationContext log
INFO: Manager: list: Listing contexts for virtual host 'localhost'
Mar 22, 2017 7:33:01 PM org.apache.catalina.core.ApplicationContext log
INFO: Manager: restart: Reloading web application '/TaylorInsurance'
Mar 22, 2017 7:33:38 PM org.apache.catalina.core.ApplicationContext log
INFO: Manager: list: Listing contexts for virtual host 'localhost'
Mar 22, 2017 7:33:38 PM org.apache.catalina.core.ApplicationContext log
INFO: Manager: list: Listing contexts for virtual host 'localhost'
Mar 22, 2017 7:33:38 PM org.apache.catalina.core.ApplicationContext log
INFO: Manager: restart: Reloading web application '/TaylorInsurance'
Mar 22, 2017 7:34:43 PM org.apache.catalina.core.ApplicationContext log
INFO: Manager: list: Listing contexts for virtual host 'localhost'
Mar 22, 2017 7:34:43 PM org.apache.catalina.core.ApplicationContext log
INFO: Manager: restart: Reloading web application '/TaylorInsurance'
Mar 22, 2017 7:34:57 PM org.apache.catalina.core.ApplicationContext log
INFO: Manager: list: Listing contexts for virtual host 'localhost'
Mar 22, 2017 7:34:57 PM org.apache.catalina.core.ApplicationContext log
INFO: Manager: list: Listing contexts for virtual host 'localhost'
Mar 22, 2017 7:34:57 PM org.apache.catalina.core.ApplicationContext log
INFO: Manager: restart: Reloading web application '/TaylorInsurance'
Mar 22, 2017 7:38:28 PM org.apache.catalina.core.ApplicationContext log
INFO: Manager: init: Associated with Deployer 'Catalina:type=Deployer,host=localhost'
Mar 22, 2017 7:38:28 PM org.apache.catalina.core.ApplicationContext log
INFO: Manager: init: Global resources are available
Mar 22, 2017 7:38:28 PM org.apache.catalina.core.ApplicationContext log
INFO: Manager: list: Listing contexts for virtual host 'localhost'
Mar 22, 2017 7:38:28 PM org.apache.catalina.core.ApplicationContext log
INFO: Manager: list: Listing contexts for virtual host 'localhost'
Mar 22, 2017 7:41:02 PM org.apache.catalina.core.ApplicationContext log
INFO: Manager: list: Listing contexts for virtual host 'localhost'
Mar 22, 2017 7:41:02 PM org.apache.catalina.core.ApplicationContext log
INFO: Manager: stop: Stopping web application '/TaylorInsurance'
Mar 22, 2017 7:41:03 PM org.apache.catalina.core.ApplicationContext log
INFO: Manager: start: Starting web application '/TaylorInsurance'
Mar 22, 2017 7:41:03 PM org.apache.catalina.core.ApplicationContext log
INFO: Manager: list: Listing contexts for virtual host 'localhost'
Mar 22, 2017 7:41:04 PM org.apache.catalina.core.ApplicationContext log
INFO: Manager: list: Listing contexts for virtual host 'localhost'
Mar 22, 2017 7:41:04 PM org.apache.catalina.core.ApplicationContext log
INFO: Manager: restart: Reloading web application '/TaylorInsurance'
Mar 22, 2017 7:41:30 PM org.apache.catalina.core.ApplicationContext log
INFO: Manager: list: Listing contexts for virtual host 'localhost'
Mar 22, 2017 7:41:30 PM org.apache.catalina.core.ApplicationContext log
INFO: Manager: stop: Stopping web application '/TaylorInsurance'
Mar 22, 2017 7:41:30 PM org.apache.catalina.core.ApplicationContext log
INFO: Manager: start: Starting web application '/TaylorInsurance'
Mar 22, 2017 7:46:14 PM org.apache.catalina.core.ApplicationContext log
INFO: Manager: list: Listing contexts for virtual host 'localhost'
Mar 22, 2017 7:46:14 PM org.apache.catalina.core.ApplicationContext log
INFO: Manager: restart: Reloading web application '/TaylorInsurance'
Mar 22, 2017 7:47:18 PM org.apache.catalina.core.ApplicationContext log
INFO: Manager: list: Listing contexts for virtual host 'localhost'
Mar 22, 2017 7:47:39 PM org.apache.catalina.core.ApplicationContext log
INFO: Manager: list: Listing contexts for virtual host 'localhost'
Mar 22, 2017 7:48:04 PM org.apache.catalina.core.ApplicationContext log
INFO: Manager: list: Listing contexts for virtual host 'localhost'
Mar 22, 2017 7:49:00 PM org.apache.catalina.core.ApplicationContext log
INFO: Manager: init: Associated with Deployer 'Catalina:type=Deployer,host=localhost'
Mar 22, 2017 7:49:00 PM org.apache.catalina.core.ApplicationContext log
INFO: Manager: init: Global resources are available
Mar 22, 2017 7:49:00 PM org.apache.catalina.core.ApplicationContext log
INFO: Manager: list: Listing contexts for virtual host 'localhost'
Mar 22, 2017 7:49:00 PM org.apache.catalina.core.ApplicationContext log
INFO: Manager: list: Listing contexts for virtual host 'localhost'
Mar 22, 2017 7:49:00 PM org.apache.catalina.core.ApplicationContext log
INFO: Manager: stop: Stopping web application '/TaylorInsurance'
Mar 22, 2017 7:49:00 PM org.apache.catalina.core.ApplicationContext log
INFO: Manager: start: Starting web application '/TaylorInsurance'
Mar 22, 2017 7:50:54 PM org.apache.catalina.core.ApplicationContext log
INFO: Manager: list: Listing contexts for virtual host 'localhost'
Mar 22, 2017 7:51:27 PM org.apache.catalina.core.ApplicationContext log
INFO: Manager: list: Listing contexts for virtual host 'localhost'
Mar 22, 2017 7:51:27 PM org.apache.catalina.core.ApplicationContext log
INFO: Manager: restart: Reloading web application '/TaylorInsurance'
Mar 22, 2017 7:51:31 PM org.apache.catalina.core.ApplicationContext log
INFO: Manager: list: Listing contexts for virtual host 'localhost'
Mar 22, 2017 7:51:31 PM org.apache.catalina.core.ApplicationContext log
INFO: Manager: list: Listing contexts for virtual host 'localhost'
Mar 22, 2017 7:51:31 PM org.apache.catalina.core.ApplicationContext log
INFO: Manager: restart: Reloading web application '/TaylorInsurance'
Mar 22, 2017 7:52:23 PM org.apache.catalina.core.ApplicationContext log
INFO: Manager: list: Listing contexts for virtual host 'localhost'
Mar 22, 2017 7:52:28 PM org.apache.catalina.core.ApplicationContext log
INFO: Manager: list: Listing contexts for virtual host 'localhost'
Mar 22, 2017 7:52:28 PM org.apache.catalina.core.ApplicationContext log
INFO: Manager: list: Listing contexts for virtual host 'localhost'
Mar 22, 2017 7:52:48 PM org.apache.catalina.core.ApplicationContext log
INFO: Manager: list: Listing contexts for virtual host 'localhost'
Mar 22, 2017 7:52:48 PM org.apache.catalina.core.ApplicationContext log
INFO: Manager: undeploy: Undeploying web application at '/TaylorInsurance'
Mar 22, 2017 7:53:15 PM org.apache.catalina.core.ApplicationContext log
INFO: Manager: list: Listing contexts for virtual host 'localhost'
Mar 22, 2017 7:53:15 PM org.apache.catalina.core.ApplicationContext log
INFO: Manager: list: Listing contexts for virtual host 'localhost'
Mar 22, 2017 7:53:15 PM org.apache.catalina.core.ApplicationContext log
INFO: Manager: install: Installing context configuration at 'file:/C:/Users/tim/AppData/Local/Temp/context5243098015256463759.xml'
Mar 22, 2017 7:53:15 PM org.apache.catalina.core.ApplicationContext log
INFO: Manager: start: Starting web application '/TaylorInsurance'
Mar 22, 2017 7:54:07 PM org.apache.catalina.core.ApplicationContext log
INFO: Manager: list: Listing contexts for virtual host 'localhost'
Mar 22, 2017 7:54:07 PM org.apache.catalina.core.ApplicationContext log
INFO: Manager: restart: Reloading web application '/TaylorInsurance'
Mar 22, 2017 7:54:32 PM org.apache.catalina.core.ApplicationContext log
INFO: Manager: list: Listing contexts for virtual host 'localhost'
Mar 22, 2017 7:54:32 PM org.apache.catalina.core.ApplicationContext log
INFO: Manager: list: Listing contexts for virtual host 'localhost'
Mar 22, 2017 7:54:32 PM org.apache.catalina.core.ApplicationContext log
INFO: Manager: restart: Reloading web application '/TaylorInsurance'
Mar 22, 2017 7:54:57 PM org.apache.catalina.core.ApplicationContext log
INFO: Manager: list: Listing contexts for virtual host 'localhost'
Mar 22, 2017 7:54:57 PM org.apache.catalina.core.ApplicationContext log
INFO: Manager: restart: Reloading web application '/TaylorInsurance'
Mar 22, 2017 7:55:05 PM org.apache.catalina.core.ApplicationContext log
INFO: Manager: list: Listing contexts for virtual host 'localhost'
Mar 22, 2017 7:55:05 PM org.apache.catalina.core.ApplicationContext log
INFO: Manager: list: Listing contexts for virtual host 'localhost'
Mar 22, 2017 7:55:05 PM org.apache.catalina.core.ApplicationContext log
INFO: Manager: restart: Reloading web application '/TaylorInsurance'
Mar 22, 2017 7:56:54 PM org.apache.catalina.core.ApplicationContext log
INFO: Manager: list: Listing contexts for virtual host 'localhost'
Mar 22, 2017 7:56:59 PM org.apache.catalina.core.ApplicationContext log
INFO: Manager: list: Listing contexts for virtual host 'localhost'
Mar 22, 2017 7:56:59 PM org.apache.catalina.core.ApplicationContext log
INFO: Manager: list: Listing contexts for virtual host 'localhost'
Mar 22, 2017 7:56:59 PM org.apache.catalina.core.ApplicationContext log
INFO: Manager: restart: Reloading web application '/TaylorInsurance'
Mar 22, 2017 8:01:20 PM org.apache.catalina.core.ApplicationContext log
INFO: Manager: list: Listing contexts for virtual host 'localhost'
Mar 22, 2017 8:35:52 PM org.apache.catalina.core.ApplicationContext log
INFO: Manager: list: Listing contexts for virtual host 'localhost'
Mar 22, 2017 8:38:41 PM org.apache.catalina.core.ApplicationContext log
INFO: Manager: list: Listing contexts for virtual host 'localhost'
Mar 22, 2017 8:38:41 PM org.apache.catalina.core.ApplicationContext log
INFO: Manager: restart: Reloading web application '/TaylorInsurance'
Mar 22, 2017 8:38:41 PM org.apache.catalina.core.ApplicationContext log
INFO: Manager: list: Listing contexts for virtual host 'localhost'
Mar 22, 2017 8:38:41 PM org.apache.catalina.core.ApplicationContext log
INFO: Manager: restart: Reloading web application '/TaylorInsurance'
Mar 22, 2017 8:38:57 PM org.apache.catalina.core.ApplicationContext log
INFO: Manager: list: Listing contexts for virtual host 'localhost'
Mar 22, 2017 8:38:57 PM org.apache.catalina.core.ApplicationContext log
INFO: Manager: restart: Reloading web application '/TaylorInsurance'
Mar 22, 2017 8:42:57 PM org.apache.catalina.core.ApplicationContext log
INFO: Manager: list: Listing contexts for virtual host 'localhost'
Mar 22, 2017 8:42:57 PM org.apache.catalina.core.ApplicationContext log
INFO: Manager: restart: Reloading web application '/TaylorInsurance'
Mar 22, 2017 8:44:41 PM org.apache.catalina.core.ApplicationContext log
INFO: Manager: list: Listing contexts for virtual host 'localhost'
Mar 22, 2017 8:44:41 PM org.apache.catalina.core.ApplicationContext log
INFO: Manager: restart: Reloading web application '/TaylorInsurance'
Mar 22, 2017 8:44:42 PM org.apache.catalina.core.ApplicationContext log
INFO: Manager: list: Listing contexts for virtual host 'localhost'
Mar 22, 2017 8:44:42 PM org.apache.catalina.core.ApplicationContext log
INFO: Manager: restart: Reloading web application '/TaylorInsurance'
Mar 22, 2017 8:44:59 PM org.apache.catalina.core.ApplicationContext log
INFO: Manager: list: Listing contexts for virtual host 'localhost'
Mar 22, 2017 8:44:59 PM org.apache.catalina.core.ApplicationContext log
INFO: Manager: restart: Reloading web application '/TaylorInsurance'
Mar 22, 2017 8:45:34 PM org.apache.catalina.core.ApplicationContext log
INFO: Manager: list: Listing contexts for virtual host 'localhost'
Mar 22, 2017 8:45:34 PM org.apache.catalina.core.ApplicationContext log
INFO: Manager: restart: Reloading web application '/TaylorInsurance'
Mar 22, 2017 8:45:35 PM org.apache.catalina.core.ApplicationContext log
INFO: Manager: list: Listing contexts for virtual host 'localhost'
Mar 22, 2017 8:45:35 PM org.apache.catalina.core.ApplicationContext log
INFO: Manager: restart: Reloading web application '/TaylorInsurance'
Mar 22, 2017 8:45:36 PM org.apache.catalina.core.ApplicationContext log
INFO: Manager: list: Listing contexts for virtual host 'localhost'
Mar 22, 2017 8:45:36 PM org.apache.catalina.core.ApplicationContext log
INFO: Manager: restart: Reloading web application '/TaylorInsurance'
Mar 22, 2017 8:46:36 PM org.apache.catalina.core.ApplicationContext log
INFO: Manager: list: Listing contexts for virtual host 'localhost'
Mar 22, 2017 8:46:36 PM org.apache.catalina.core.ApplicationContext log
INFO: Manager: restart: Reloading web application '/TaylorInsurance'
Mar 22, 2017 8:47:02 PM org.apache.catalina.core.ApplicationContext log
INFO: Manager: list: Listing contexts for virtual host 'localhost'
Mar 22, 2017 8:47:02 PM org.apache.catalina.core.ApplicationContext log
INFO: Manager: restart: Reloading web application '/TaylorInsurance'
Mar 22, 2017 8:47:57 PM org.apache.catalina.core.ApplicationContext log
INFO: Manager: list: Listing contexts for virtual host 'localhost'
Mar 22, 2017 8:47:57 PM org.apache.catalina.core.ApplicationContext log
INFO: Manager: restart: Reloading web application '/TaylorInsurance'
Mar 22, 2017 8:53:43 PM org.apache.catalina.core.ApplicationContext log
INFO: Manager: list: Listing contexts for virtual host 'localhost'
Mar 22, 2017 8:53:43 PM org.apache.catalina.core.ApplicationContext log
INFO: Manager: restart: Reloading web application '/TaylorInsurance'
Mar 22, 2017 8:54:40 PM org.apache.catalina.core.ApplicationContext log
INFO: Manager: list: Listing contexts for virtual host 'localhost'
Mar 22, 2017 8:54:40 PM org.apache.catalina.core.ApplicationContext log
INFO: Manager: restart: Reloading web application '/TaylorInsurance'
Mar 22, 2017 8:54:50 PM org.apache.catalina.core.ApplicationContext log
INFO: Manager: list: Listing contexts for virtual host 'localhost'
Mar 22, 2017 8:54:50 PM org.apache.catalina.core.ApplicationContext log
INFO: Manager: restart: Reloading web application '/TaylorInsurance'
Mar 22, 2017 8:56:07 PM org.apache.catalina.core.ApplicationContext log
INFO: Manager: list: Listing contexts for virtual host 'localhost'
Mar 22, 2017 8:56:07 PM org.apache.catalina.core.ApplicationContext log
INFO: Manager: restart: Reloading web application '/TaylorInsurance'
Mar 22, 2017 9:00:36 PM org.apache.catalina.core.ApplicationContext log
INFO: Manager: list: Listing contexts for virtual host 'localhost'
Mar 22, 2017 9:00:36 PM org.apache.catalina.core.ApplicationContext log
INFO: Manager: restart: Reloading web application '/TaylorInsurance'
Mar 22, 2017 9:10:08 PM org.apache.catalina.core.ApplicationContext log
INFO: Manager: list: Listing contexts for virtual host 'localhost'
Mar 22, 2017 9:10:08 PM org.apache.catalina.core.ApplicationContext log
INFO: Manager: restart: Reloading web application '/TaylorInsurance'
Mar 22, 2017 9:10:36 PM org.apache.catalina.core.ApplicationContext log
INFO: Manager: list: Listing contexts for virtual host 'localhost'
Mar 22, 2017 9:10:36 PM org.apache.catalina.core.ApplicationContext log
INFO: Manager: restart: Reloading web application '/TaylorInsurance'
Mar 22, 2017 9:12:25 PM org.apache.catalina.core.ApplicationContext log
INFO: Manager: list: Listing contexts for virtual host 'localhost'
Mar 22, 2017 9:12:25 PM org.apache.catalina.core.ApplicationContext log
INFO: Manager: restart: Reloading web application '/TaylorInsurance'
Mar 22, 2017 9:19:50 PM org.apache.catalina.core.ApplicationContext log
INFO: Manager: list: Listing contexts for virtual host 'localhost'
Mar 22, 2017 9:19:50 PM org.apache.catalina.core.ApplicationContext log
INFO: Manager: restart: Reloading web application '/TaylorInsurance'
Mar 22, 2017 9:21:01 PM org.apache.catalina.core.ApplicationContext log
INFO: Manager: list: Listing contexts for virtual host 'localhost'
Mar 22, 2017 9:21:01 PM org.apache.catalina.core.ApplicationContext log
INFO: Manager: restart: Reloading web application '/TaylorInsurance'
Mar 22, 2017 9:23:55 PM org.apache.catalina.core.ApplicationContext log
INFO: Manager: list: Listing contexts for virtual host 'localhost'
Mar 22, 2017 9:23:55 PM org.apache.catalina.core.ApplicationContext log
INFO: Manager: restart: Reloading web application '/TaylorInsurance'
Mar 22, 2017 9:26:30 PM org.apache.catalina.core.ApplicationContext log
INFO: Manager: list: Listing contexts for virtual host 'localhost'
Mar 22, 2017 9:26:30 PM org.apache.catalina.core.ApplicationContext log
INFO: Manager: restart: Reloading web application '/TaylorInsurance'
Mar 22, 2017 9:28:17 PM org.apache.catalina.core.ApplicationContext log
INFO: Manager: list: Listing contexts for virtual host 'localhost'
Mar 22, 2017 9:28:17 PM org.apache.catalina.core.ApplicationContext log
INFO: Manager: restart: Reloading web application '/TaylorInsurance'
Mar 22, 2017 9:28:31 PM org.apache.catalina.core.ApplicationContext log
INFO: Manager: list: Listing contexts for virtual host 'localhost'
Mar 22, 2017 9:28:31 PM org.apache.catalina.core.ApplicationContext log
INFO: Manager: restart: Reloading web application '/TaylorInsurance'
Mar 22, 2017 9:30:06 PM org.apache.catalina.core.ApplicationContext log
INFO: Manager: list: Listing contexts for virtual host 'localhost'
Mar 22, 2017 9:31:21 PM org.apache.catalina.core.ApplicationContext log
INFO: Manager: list: Listing contexts for virtual host 'localhost'
Mar 22, 2017 9:34:43 PM org.apache.catalina.core.ApplicationContext log
INFO: Manager: list: Listing contexts for virtual host 'localhost'
Mar 22, 2017 9:34:43 PM org.apache.catalina.core.ApplicationContext log
INFO: Manager: restart: Reloading web application '/TaylorInsurance'
Mar 22, 2017 9:35:45 PM org.apache.catalina.core.ApplicationContext log
INFO: Manager: list: Listing contexts for virtual host 'localhost'
Mar 22, 2017 9:35:45 PM org.apache.catalina.core.ApplicationContext log
INFO: Manager: restart: Reloading web application '/TaylorInsurance'
Mar 22, 2017 9:35:45 PM org.apache.catalina.core.ApplicationContext log
INFO: Manager: list: Listing contexts for virtual host 'localhost'
Mar 22, 2017 9:35:45 PM org.apache.catalina.core.ApplicationContext log
INFO: Manager: restart: Reloading web application '/TaylorInsurance'
Mar 22, 2017 9:35:46 PM org.apache.catalina.core.ApplicationContext log
INFO: Manager: list: Listing contexts for virtual host 'localhost'
Mar 22, 2017 9:35:46 PM org.apache.catalina.core.ApplicationContext log
INFO: Manager: restart: Reloading web application '/TaylorInsurance'
Mar 22, 2017 9:36:25 PM org.apache.catalina.core.ApplicationContext log
INFO: Manager: list: Listing contexts for virtual host 'localhost'
Mar 22, 2017 9:36:25 PM org.apache.catalina.core.ApplicationContext log
INFO: Manager: restart: Reloading web application '/TaylorInsurance'
Mar 22, 2017 9:39:13 PM org.apache.catalina.core.ApplicationContext log
INFO: Manager: list: Listing contexts for virtual host 'localhost'
Mar 22, 2017 9:39:13 PM org.apache.catalina.core.ApplicationContext log
INFO: Manager: restart: Reloading web application '/TaylorInsurance'
Mar 22, 2017 9:39:56 PM org.apache.catalina.core.ApplicationContext log
INFO: Manager: list: Listing contexts for virtual host 'localhost'
Mar 22, 2017 9:39:56 PM org.apache.catalina.core.ApplicationContext log
INFO: Manager: restart: Reloading web application '/TaylorInsurance'
Mar 22, 2017 9:40:59 PM org.apache.catalina.core.ApplicationContext log
INFO: Manager: list: Listing contexts for virtual host 'localhost'
Mar 22, 2017 9:40:59 PM org.apache.catalina.core.ApplicationContext log
INFO: Manager: restart: Reloading web application '/TaylorInsurance'
Mar 22, 2017 9:41:26 PM org.apache.catalina.core.ApplicationContext log
INFO: Manager: list: Listing contexts for virtual host 'localhost'
Mar 22, 2017 9:41:26 PM org.apache.catalina.core.ApplicationContext log
INFO: Manager: restart: Reloading web application '/TaylorInsurance'
Mar 22, 2017 9:41:44 PM org.apache.catalina.core.ApplicationContext log
INFO: Manager: list: Listing contexts for virtual host 'localhost'
Mar 22, 2017 9:41:44 PM org.apache.catalina.core.ApplicationContext log
INFO: Manager: restart: Reloading web application '/TaylorInsurance'
Mar 22, 2017 9:42:12 PM org.apache.catalina.core.ApplicationContext log
INFO: Manager: list: Listing contexts for virtual host 'localhost'
Mar 22, 2017 9:42:12 PM org.apache.catalina.core.ApplicationContext log
INFO: Manager: restart: Reloading web application '/TaylorInsurance'
Mar 22, 2017 9:43:09 PM org.apache.catalina.core.ApplicationContext log
INFO: Manager: list: Listing contexts for virtual host 'localhost'
Mar 22, 2017 9:43:22 PM org.apache.catalina.core.ApplicationContext log
INFO: Manager: list: Listing contexts for virtual host 'localhost'
Mar 22, 2017 9:43:22 PM org.apache.catalina.core.ApplicationContext log
INFO: Manager: restart: Reloading web application '/TaylorInsurance'
Mar 22, 2017 9:43:22 PM org.apache.catalina.core.ApplicationContext log
INFO: Manager: list: Listing contexts for virtual host 'localhost'
Mar 22, 2017 9:43:22 PM org.apache.catalina.core.ApplicationContext log
INFO: Manager: restart: Reloading web application '/TaylorInsurance'
Mar 22, 2017 9:43:27 PM org.apache.catalina.core.ApplicationContext log
INFO: Manager: list: Listing contexts for virtual host 'localhost'
Mar 22, 2017 9:43:27 PM org.apache.catalina.core.ApplicationContext log
INFO: Manager: restart: Reloading web application '/TaylorInsurance'
Mar 22, 2017 9:43:32 PM org.apache.catalina.core.ApplicationContext log
INFO: Manager: list: Listing contexts for virtual host 'localhost'
Mar 22, 2017 9:43:32 PM org.apache.catalina.core.ApplicationContext log
INFO: Manager: restart: Reloading web application '/TaylorInsurance'
Mar 22, 2017 9:43:36 PM org.apache.catalina.core.ApplicationContext log
INFO: Manager: list: Listing contexts for virtual host 'localhost'
Mar 22, 2017 9:43:36 PM org.apache.catalina.core.ApplicationContext log
INFO: Manager: restart: Reloading web application '/TaylorInsurance'
Mar 22, 2017 9:43:49 PM org.apache.catalina.core.ApplicationContext log
INFO: Manager: list: Listing contexts for virtual host 'localhost'
Mar 22, 2017 9:43:49 PM org.apache.catalina.core.ApplicationContext log
INFO: Manager: list: Listing contexts for virtual host 'localhost'
Mar 22, 2017 9:43:49 PM org.apache.catalina.core.ApplicationContext log
INFO: Manager: restart: Reloading web application '/TaylorInsurance'
Mar 22, 2017 9:44:05 PM org.apache.catalina.core.ApplicationContext log
INFO: Manager: list: Listing contexts for virtual host 'localhost'
Mar 22, 2017 9:44:05 PM org.apache.catalina.core.ApplicationContext log
INFO: Manager: list: Listing contexts for virtual host 'localhost'
Mar 22, 2017 9:44:09 PM org.apache.catalina.core.ApplicationContext log
INFO: Manager: list: Listing contexts for virtual host 'localhost'
Mar 22, 2017 9:44:09 PM org.apache.catalina.core.ApplicationContext log
INFO: Manager: list: Listing contexts for virtual host 'localhost'
Mar 22, 2017 9:44:19 PM org.apache.catalina.core.ApplicationContext log
INFO: Manager: list: Listing contexts for virtual host 'localhost'
Mar 22, 2017 9:44:19 PM org.apache.catalina.core.ApplicationContext log
INFO: Manager: undeploy: Undeploying web application at '/TaylorInsurance'
Mar 22, 2017 9:44:43 PM org.apache.catalina.core.ApplicationContext log
INFO: Manager: list: Listing contexts for virtual host 'localhost'
Mar 22, 2017 9:44:56 PM org.apache.catalina.core.ApplicationContext log
INFO: Manager: list: Listing contexts for virtual host 'localhost'
Mar 22, 2017 9:45:07 PM org.apache.catalina.core.ApplicationContext log
INFO: Manager: list: Listing contexts for virtual host 'localhost'
Mar 22, 2017 9:45:17 PM org.apache.catalina.core.ApplicationContext log
INFO: Manager: list: Listing contexts for virtual host 'localhost'
Mar 22, 2017 9:45:26 PM org.apache.catalina.core.ApplicationContext log
INFO: Manager: list: Listing contexts for virtual host 'localhost'
Mar 22, 2017 9:45:35 PM org.apache.catalina.core.ApplicationContext log
INFO: Manager: list: Listing contexts for virtual host 'localhost'
Mar 22, 2017 9:46:15 PM org.apache.catalina.core.ApplicationContext log
INFO: Manager: list: Listing contexts for virtual host 'localhost'
Mar 22, 2017 9:46:26 PM org.apache.catalina.core.ApplicationContext log
INFO: Manager: list: Listing contexts for virtual host 'localhost'
Mar 22, 2017 9:46:26 PM org.apache.catalina.core.ApplicationContext log
INFO: Manager: list: Listing contexts for virtual host 'localhost'
Mar 22, 2017 9:46:26 PM org.apache.catalina.core.ApplicationContext log
INFO: Manager: install: Installing context configuration at 'file:/C:/Users/tim/AppData/Local/Temp/context333637558393456027.xml'
Mar 22, 2017 9:46:26 PM org.apache.catalina.core.ApplicationContext log
INFO: Manager: start: Starting web application '/TaylorInsurance'
Mar 22, 2017 9:46:42 PM org.apache.catalina.core.ApplicationContext log
INFO: Manager: list: Listing contexts for virtual host 'localhost'
Mar 22, 2017 9:46:42 PM org.apache.catalina.core.ApplicationContext log
INFO: Manager: restart: Reloading web application '/TaylorInsurance'
Mar 22, 2017 9:46:45 PM org.apache.catalina.core.ApplicationContext log
INFO: Manager: list: Listing contexts for virtual host 'localhost'
Mar 22, 2017 9:46:45 PM org.apache.catalina.core.ApplicationContext log
INFO: Manager: list: Listing contexts for virtual host 'localhost'
Mar 22, 2017 9:46:45 PM org.apache.catalina.core.ApplicationContext log
INFO: Manager: restart: Reloading web application '/TaylorInsurance'
Mar 22, 2017 9:46:51 PM org.apache.catalina.core.ApplicationContext log
INFO: Manager: list: Listing contexts for virtual host 'localhost'
Mar 22, 2017 9:46:51 PM org.apache.catalina.core.ApplicationContext log
INFO: Manager: restart: Reloading web application '/TaylorInsurance'
Mar 22, 2017 9:47:41 PM org.apache.catalina.core.ApplicationContext log
INFO: Manager: init: Associated with Deployer 'Catalina:type=Deployer,host=localhost'
Mar 22, 2017 9:47:41 PM org.apache.catalina.core.ApplicationContext log
INFO: Manager: init: Global resources are available
Mar 22, 2017 9:47:41 PM org.apache.catalina.core.ApplicationContext log
INFO: Manager: list: Listing contexts for virtual host 'localhost'
Mar 22, 2017 9:47:41 PM org.apache.catalina.core.ApplicationContext log
INFO: Manager: list: Listing contexts for virtual host 'localhost'
Mar 22, 2017 9:47:41 PM org.apache.catalina.core.ApplicationContext log
INFO: Manager: restart: Reloading web application '/TaylorInsurance'
Mar 22, 2017 9:53:55 PM org.apache.catalina.core.ApplicationContext log
INFO: Manager: list: Listing contexts for virtual host 'localhost'
Mar 22, 2017 9:53:55 PM org.apache.catalina.core.ApplicationContext log
INFO: Manager: stop: Stopping web application '/TaylorInsurance'
Mar 22, 2017 9:53:55 PM org.apache.catalina.core.ApplicationContext log
INFO: Manager: start: Starting web application '/TaylorInsurance'
Mar 22, 2017 9:54:46 PM org.apache.catalina.core.ApplicationContext log
INFO: Manager: list: Listing contexts for virtual host 'localhost'
Mar 22, 2017 9:54:46 PM org.apache.catalina.core.ApplicationContext log
INFO: Manager: stop: Stopping web application '/TaylorInsurance'
Mar 22, 2017 9:54:46 PM org.apache.catalina.core.ApplicationContext log
INFO: Manager: start: Starting web application '/TaylorInsurance'
Mar 22, 2017 9:55:58 PM org.apache.catalina.core.ApplicationContext log
INFO: Manager: init: Associated with Deployer 'Catalina:type=Deployer,host=localhost'
Mar 22, 2017 9:55:58 PM org.apache.catalina.core.ApplicationContext log
INFO: Manager: init: Global resources are available
Mar 22, 2017 9:55:58 PM org.apache.catalina.core.ApplicationContext log
INFO: Manager: list: Listing contexts for virtual host 'localhost'
Mar 22, 2017 9:55:58 PM org.apache.catalina.core.ApplicationContext log
INFO: Manager: list: Listing contexts for virtual host 'localhost'
Mar 22, 2017 9:55:58 PM org.apache.catalina.core.ApplicationContext log
INFO: Manager: stop: Stopping web application '/TaylorInsurance'
Mar 22, 2017 9:55:58 PM org.apache.catalina.core.ApplicationContext log
INFO: Manager: start: Starting web application '/TaylorInsurance'
Mar 22, 2017 9:58:04 PM org.apache.catalina.core.ApplicationContext log
INFO: Manager: list: Listing contexts for virtual host 'localhost'
Mar 22, 2017 9:58:04 PM org.apache.catalina.core.ApplicationContext log
INFO: Manager: restart: Reloading web application '/TaylorInsurance'
Mar 22, 2017 9:58:09 PM org.apache.catalina.core.ApplicationContext log
INFO: Manager: list: Listing contexts for virtual host 'localhost'
Mar 22, 2017 9:58:09 PM org.apache.catalina.core.ApplicationContext log
INFO: Manager: list: Listing contexts for virtual host 'localhost'
Mar 22, 2017 9:58:09 PM org.apache.catalina.core.ApplicationContext log
INFO: Manager: restart: Reloading web application '/TaylorInsurance'
Mar 22, 2017 9:59:08 PM org.apache.catalina.core.ApplicationContext log
INFO: Manager: list: Listing contexts for virtual host 'localhost'
Mar 22, 2017 9:59:37 PM org.apache.catalina.core.ApplicationContext log
INFO: Manager: list: Listing contexts for virtual host 'localhost'
Mar 22, 2017 9:59:49 PM org.apache.catalina.core.ApplicationContext log
INFO: Manager: list: Listing contexts for virtual host 'localhost'
Mar 22, 2017 10:01:56 PM org.apache.catalina.core.ApplicationContext log
INFO: Manager: list: Listing contexts for virtual host 'localhost'
Mar 22, 2017 10:02:28 PM org.apache.catalina.core.ApplicationContext log
INFO: Manager: list: Listing contexts for virtual host 'localhost'
Mar 22, 2017 10:02:45 PM org.apache.catalina.core.ApplicationContext log
INFO: Manager: list: Listing contexts for virtual host 'localhost'
Mar 22, 2017 10:04:17 PM org.apache.catalina.core.ApplicationContext log
INFO: Manager: list: Listing contexts for virtual host 'localhost'
Mar 22, 2017 10:04:27 PM org.apache.catalina.core.ApplicationContext log
INFO: Manager: list: Listing contexts for virtual host 'localhost'
Mar 22, 2017 10:04:36 PM org.apache.catalina.core.ApplicationContext log
INFO: Manager: list: Listing contexts for virtual host 'localhost'
Mar 22, 2017 10:04:54 PM org.apache.catalina.core.ApplicationContext log
INFO: Manager: list: Listing contexts for virtual host 'localhost'
Mar 22, 2017 10:05:03 PM org.apache.catalina.core.ApplicationContext log
INFO: Manager: list: Listing contexts for virtual host 'localhost'
Mar 22, 2017 10:05:50 PM org.apache.catalina.core.ApplicationContext log
INFO: Manager: list: Listing contexts for virtual host 'localhost'
Mar 22, 2017 10:05:59 PM org.apache.catalina.core.ApplicationContext log
INFO: Manager: list: Listing contexts for virtual host 'localhost'
Mar 22, 2017 10:06:12 PM org.apache.catalina.core.ApplicationContext log
INFO: Manager: list: Listing contexts for virtual host 'localhost'
Mar 22, 2017 10:31:36 PM org.apache.catalina.core.ApplicationContext log
INFO: Manager: list: Listing contexts for virtual host 'localhost'
Mar 22, 2017 10:31:36 PM org.apache.catalina.core.ApplicationContext log
INFO: Manager: list: Listing contexts for virtual host 'localhost'
Mar 22, 2017 10:34:08 PM org.apache.catalina.core.ApplicationContext log
INFO: Manager: list: Listing contexts for virtual host 'localhost'
Mar 22, 2017 10:34:19 PM org.apache.catalina.core.ApplicationContext log
INFO: Manager: list: Listing contexts for virtual host 'localhost'
Mar 22, 2017 10:34:37 PM org.apache.catalina.core.ApplicationContext log
INFO: Manager: list: Listing contexts for virtual host 'localhost'
Mar 22, 2017 10:34:37 PM org.apache.catalina.core.ApplicationContext log
INFO: Manager: list: Listing contexts for virtual host 'localhost'
Mar 22, 2017 10:36:44 PM org.apache.catalina.core.ApplicationContext log
INFO: Manager: list: Listing contexts for virtual host 'localhost'
Mar 22, 2017 10:39:55 PM org.apache.catalina.core.ApplicationContext log
INFO: Manager: list: Listing contexts for virtual host 'localhost'
Mar 22, 2017 10:40:09 PM org.apache.catalina.core.ApplicationContext log
INFO: Manager: list: Listing contexts for virtual host 'localhost'
Mar 22, 2017 10:40:09 PM org.apache.catalina.core.ApplicationContext log
INFO: Manager: list: Listing contexts for virtual host 'localhost'
Mar 22, 2017 10:41:25 PM org.apache.catalina.core.ApplicationContext log
INFO: Manager: list: Listing contexts for virtual host 'localhost'
Mar 22, 2017 10:41:53 PM org.apache.catalina.core.ApplicationContext log
INFO: Manager: list: Listing contexts for virtual host 'localhost'
Mar 22, 2017 10:42:08 PM org.apache.catalina.core.ApplicationContext log
INFO: Manager: list: Listing contexts for virtual host 'localhost'
Mar 22, 2017 10:43:05 PM org.apache.catalina.core.ApplicationContext log
INFO: Manager: list: Listing contexts for virtual host 'localhost'
Mar 22, 2017 10:43:20 PM org.apache.catalina.core.ApplicationContext log
INFO: Manager: list: Listing contexts for virtual host 'localhost'
Mar 22, 2017 10:43:36 PM org.apache.catalina.core.ApplicationContext log
INFO: Manager: list: Listing contexts for virtual host 'localhost'
Mar 22, 2017 10:43:51 PM org.apache.catalina.core.ApplicationContext log
INFO: Manager: list: Listing contexts for virtual host 'localhost'
Mar 22, 2017 10:45:51 PM org.apache.catalina.core.ApplicationContext log
INFO: Manager: list: Listing contexts for virtual host 'localhost'
Mar 22, 2017 10:48:23 PM org.apache.catalina.core.ApplicationContext log
INFO: Manager: list: Listing contexts for virtual host 'localhost'
Mar 22, 2017 10:48:30 PM org.apache.catalina.core.ApplicationContext log
INFO: Manager: list: Listing contexts for virtual host 'localhost'
Mar 22, 2017 10:48:30 PM org.apache.catalina.core.ApplicationContext log
INFO: Manager: restart: Reloading web application '/TaylorInsurance'
Mar 22, 2017 10:49:48 PM org.apache.catalina.core.ApplicationContext log
INFO: Manager: list: Listing contexts for virtual host 'localhost'
Mar 22, 2017 10:49:48 PM org.apache.catalina.core.ApplicationContext log
INFO: Manager: undeploy: Undeploying web application at '/TaylorInsurance'
Mar 22, 2017 10:50:10 PM org.apache.catalina.core.ApplicationContext log
INFO: Manager: list: Listing contexts for virtual host 'localhost'
Mar 22, 2017 10:51:19 PM org.apache.catalina.core.ApplicationContext log
INFO: Manager: list: Listing contexts for virtual host 'localhost'
Mar 22, 2017 10:51:25 PM org.apache.catalina.core.ApplicationContext log
INFO: Manager: list: Listing contexts for virtual host 'localhost'
Mar 22, 2017 10:51:32 PM org.apache.catalina.core.ApplicationContext log
INFO: Manager: list: Listing contexts for virtual host 'localhost'
Mar 22, 2017 10:51:43 PM org.apache.catalina.core.ApplicationContext log
INFO: Manager: list: Listing contexts for virtual host 'localhost'
Mar 22, 2017 10:51:47 PM org.apache.catalina.core.ApplicationContext log
INFO: Manager: list: Listing contexts for virtual host 'localhost'
Mar 22, 2017 10:55:12 PM org.apache.catalina.core.ApplicationContext log
INFO: Manager: list: Listing contexts for virtual host 'localhost'
Mar 22, 2017 10:55:20 PM org.apache.catalina.core.ApplicationContext log
INFO: Manager: list: Listing contexts for virtual host 'localhost'
Mar 22, 2017 10:55:20 PM org.apache.catalina.core.ApplicationContext log
INFO: Manager: list: Listing contexts for virtual host 'localhost'
Mar 22, 2017 10:55:20 PM org.apache.catalina.core.ApplicationContext log
INFO: Manager: install: Installing context configuration at 'file:/C:/Users/tim/AppData/Local/Temp/context3477843644379878577.xml'
Mar 22, 2017 10:55:20 PM org.apache.catalina.core.ApplicationContext log
INFO: Manager: start: Starting web application '/TaylorInsurance'
Mar 22, 2017 10:57:27 PM org.apache.catalina.core.ApplicationContext log
INFO: Manager: list: Listing contexts for virtual host 'localhost'
Mar 22, 2017 10:57:30 PM org.apache.catalina.core.ApplicationContext log
INFO: Manager: list: Listing contexts for virtual host 'localhost'
Mar 22, 2017 10:57:30 PM org.apache.catalina.core.ApplicationContext log
INFO: Manager: restart: Reloading web application '/TaylorInsurance'
Mar 22, 2017 10:57:45 PM org.apache.catalina.core.ApplicationContext log
INFO: Manager: list: Listing contexts for virtual host 'localhost'
Mar 22, 2017 10:57:45 PM org.apache.catalina.core.ApplicationContext log
INFO: Manager: restart: Reloading web application '/TaylorInsurance'
Mar 22, 2017 10:57:45 PM org.apache.catalina.core.ApplicationContext log
INFO: Manager: list: Listing contexts for virtual host 'localhost'
Mar 22, 2017 10:57:45 PM org.apache.catalina.core.ApplicationContext log
INFO: Manager: restart: Reloading web application '/TaylorInsurance'
Mar 22, 2017 10:57:52 PM org.apache.catalina.core.ApplicationContext log
INFO: Manager: list: Listing contexts for virtual host 'localhost'
Mar 22, 2017 10:57:52 PM org.apache.catalina.core.ApplicationContext log
INFO: Manager: restart: Reloading web application '/TaylorInsurance'
Mar 22, 2017 10:58:15 PM org.apache.catalina.core.ApplicationContext log
INFO: Manager: list: Listing contexts for virtual host 'localhost'
Mar 22, 2017 10:58:15 PM org.apache.catalina.core.ApplicationContext log
INFO: Manager: restart: Reloading web application '/TaylorInsurance'
Mar 22, 2017 10:58:23 PM org.apache.catalina.core.ApplicationContext log
INFO: Manager: list: Listing contexts for virtual host 'localhost'
Mar 22, 2017 10:58:23 PM org.apache.catalina.core.ApplicationContext log
INFO: Manager: stop: Stopping web application '/TaylorInsurance'
Mar 22, 2017 10:58:23 PM org.apache.catalina.core.ApplicationContext log
INFO: Manager: start: Starting web application '/TaylorInsurance'
Mar 22, 2017 10:58:24 PM org.apache.catalina.core.ApplicationContext log
INFO: Manager: list: Listing contexts for virtual host 'localhost'
Mar 22, 2017 10:58:24 PM org.apache.catalina.core.ApplicationContext log
INFO: Manager: restart: Reloading web application '/TaylorInsurance'
Mar 22, 2017 10:58:24 PM org.apache.catalina.core.ApplicationContext log
INFO: Manager: list: Listing contexts for virtual host 'localhost'
Mar 22, 2017 10:58:24 PM org.apache.catalina.core.ApplicationContext log
INFO: Manager: restart: Reloading web application '/TaylorInsurance'
Mar 22, 2017 10:58:27 PM org.apache.catalina.core.ApplicationContext log
INFO: Manager: list: Listing contexts for virtual host 'localhost'
Mar 22, 2017 10:58:27 PM org.apache.catalina.core.ApplicationContext log
INFO: Manager: undeploy: Undeploying web application at '/TaylorInsurance'
Mar 22, 2017 10:59:00 PM org.apache.catalina.core.ApplicationContext log
INFO: Manager: list: Listing contexts for virtual host 'localhost'
Mar 22, 2017 11:05:17 PM org.apache.catalina.core.ApplicationContext log
INFO: Manager: init: Associated with Deployer 'Catalina:type=Deployer,host=localhost'
Mar 22, 2017 11:05:17 PM org.apache.catalina.core.ApplicationContext log
INFO: Manager: init: Global resources are available
Mar 22, 2017 11:05:17 PM org.apache.catalina.core.ApplicationContext log
INFO: Manager: list: Listing contexts for virtual host 'localhost'
Mar 22, 2017 11:05:17 PM org.apache.catalina.core.ApplicationContext log
INFO: Manager: list: Listing contexts for virtual host 'localhost'
Mar 22, 2017 11:05:17 PM org.apache.catalina.core.ApplicationContext log
INFO: Manager: install: Installing context configuration at 'file:/C:/Users/tim/AppData/Local/Temp/context6849584757827492705.xml'
Mar 22, 2017 11:05:17 PM org.apache.catalina.core.ApplicationContext log
INFO: Manager: start: Starting web application '/TaylorInsurance'
Mar 22, 2017 11:07:28 PM org.apache.catalina.core.ApplicationContext log
INFO: Manager: list: Listing contexts for virtual host 'localhost'
Mar 22, 2017 11:08:03 PM org.apache.catalina.core.ApplicationContext log
INFO: Manager: list: Listing contexts for virtual host 'localhost'
Mar 22, 2017 11:08:14 PM org.apache.catalina.core.ApplicationContext log
INFO: Manager: list: Listing contexts for virtual host 'localhost'
Mar 22, 2017 11:08:37 PM org.apache.catalina.core.ApplicationContext log
INFO: Manager: list: Listing contexts for virtual host 'localhost'
Mar 22, 2017 11:08:45 PM org.apache.catalina.core.ApplicationContext log
INFO: Manager: list: Listing contexts for virtual host 'localhost'
Mar 22, 2017 11:10:39 PM org.apache.catalina.core.ApplicationContext log
INFO: Manager: list: Listing contexts for virtual host 'localhost'
Mar 22, 2017 11:10:39 PM org.apache.catalina.core.ApplicationContext log
INFO: Manager: restart: Reloading web application '/TaylorInsurance'
Mar 22, 2017 11:12:06 PM org.apache.catalina.core.ApplicationContext log
INFO: Manager: list: Listing contexts for virtual host 'localhost'
Mar 22, 2017 11:12:56 PM org.apache.catalina.core.ApplicationContext log
INFO: Manager: list: Listing contexts for virtual host 'localhost'
Mar 22, 2017 11:12:56 PM org.apache.catalina.core.ApplicationContext log
INFO: Manager: restart: Reloading web application '/TaylorInsurance'
Mar 22, 2017 11:13:42 PM org.apache.catalina.core.ApplicationContext log
INFO: Manager: list: Listing contexts for virtual host 'localhost'
Mar 22, 2017 11:13:50 PM org.apache.catalina.core.ApplicationContext log
INFO: Manager: list: Listing contexts for virtual host 'localhost'
Mar 22, 2017 11:13:50 PM org.apache.catalina.core.ApplicationContext log
INFO: Manager: list: Listing contexts for virtual host 'localhost'
Mar 22, 2017 11:13:50 PM org.apache.catalina.core.ApplicationContext log
INFO: Manager: restart: Reloading web application '/TaylorInsurance'
Mar 22, 2017 11:16:06 PM org.apache.catalina.core.ApplicationContext log
INFO: Manager: list: Listing contexts for virtual host 'localhost'
Mar 22, 2017 11:16:48 PM org.apache.catalina.core.ApplicationContext log
INFO: Manager: list: Listing contexts for virtual host 'localhost'
Mar 22, 2017 11:16:48 PM org.apache.catalina.core.ApplicationContext log
INFO: Manager: restart: Reloading web application '/TaylorInsurance'
Mar 22, 2017 11:16:56 PM org.apache.catalina.core.ApplicationContext log
INFO: Manager: list: Listing contexts for virtual host 'localhost'
Mar 22, 2017 11:16:56 PM org.apache.catalina.core.ApplicationContext log
INFO: Manager: list: Listing contexts for virtual host 'localhost'
Mar 22, 2017 11:16:56 PM org.apache.catalina.core.ApplicationContext log
INFO: Manager: restart: Reloading web application '/TaylorInsurance'
Mar 22, 2017 11:20:37 PM org.apache.catalina.core.ApplicationContext log
INFO: Manager: list: Listing contexts for virtual host 'localhost'
Mar 22, 2017 11:20:37 PM org.apache.catalina.core.ApplicationContext log
INFO: Manager: restart: Reloading web application '/TaylorInsurance'
Mar 22, 2017 11:20:42 PM org.apache.catalina.core.ApplicationContext log
INFO: Manager: list: Listing contexts for virtual host 'localhost'
Mar 22, 2017 11:20:42 PM org.apache.catalina.core.ApplicationContext log
INFO: Manager: list: Listing contexts for virtual host 'localhost'
Mar 22, 2017 11:20:42 PM org.apache.catalina.core.ApplicationContext log
INFO: Manager: restart: Reloading web application '/TaylorInsurance'
Mar 22, 2017 11:21:07 PM org.apache.catalina.core.ApplicationContext log
INFO: Manager: list: Listing contexts for virtual host 'localhost'
Mar 22, 2017 11:21:07 PM org.apache.catalina.core.ApplicationContext log
INFO: Manager: restart: Reloading web application '/TaylorInsurance'
Mar 22, 2017 11:21:11 PM org.apache.catalina.core.ApplicationContext log
INFO: Manager: list: Listing contexts for virtual host 'localhost'
Mar 22, 2017 11:21:11 PM org.apache.catalina.core.ApplicationContext log
INFO: Manager: list: Listing contexts for virtual host 'localhost'
Mar 22, 2017 11:21:11 PM org.apache.catalina.core.ApplicationContext log
INFO: Manager: restart: Reloading web application '/TaylorInsurance'
