Mar 31, 2017 12:19:10 PM org.apache.catalina.core.ApplicationContext log
INFO: Manager: init: Associated with Deployer 'Catalina:type=Deployer,host=localhost'
Mar 31, 2017 12:19:10 PM org.apache.catalina.core.ApplicationContext log
INFO: Manager: init: Global resources are available
Mar 31, 2017 12:19:10 PM org.apache.catalina.core.ApplicationContext log
INFO: Manager: list: Listing contexts for virtual host 'localhost'
Mar 31, 2017 12:19:10 PM org.apache.catalina.core.ApplicationContext log
INFO: Manager: list: Listing contexts for virtual host 'localhost'
Mar 31, 2017 12:19:10 PM org.apache.catalina.core.ApplicationContext log
INFO: Manager: install: Installing context configuration at 'file:/C:/Users/Matthew/AppData/Local/Temp/context5405952163994012979.xml'
Mar 31, 2017 12:19:10 PM org.apache.catalina.core.ApplicationContext log
INFO: Manager: start: Starting web application '/TaylorInsurance2.0'
Mar 31, 2017 12:20:37 PM org.apache.catalina.core.ApplicationContext log
INFO: Manager: list: Listing contexts for virtual host 'localhost'
Mar 31, 2017 12:20:37 PM org.apache.catalina.core.ApplicationContext log
INFO: Manager: restart: Reloading web application '/TaylorInsurance2.0'
Mar 31, 2017 12:29:57 PM org.apache.catalina.core.ApplicationContext log
INFO: Manager: list: Listing contexts for virtual host 'localhost'
Mar 31, 2017 12:29:57 PM org.apache.catalina.core.ApplicationContext log
INFO: Manager: restart: Reloading web application '/TaylorInsurance2.0'
Mar 31, 2017 2:36:06 PM org.apache.catalina.core.ApplicationContext log
INFO: Manager: list: Listing contexts for virtual host 'localhost'
Mar 31, 2017 2:36:06 PM org.apache.catalina.core.ApplicationContext log
INFO: Manager: restart: Reloading web application '/TaylorInsurance2.0'
Mar 31, 2017 2:36:07 PM org.apache.catalina.core.ApplicationContext log
INFO: Manager: list: Listing contexts for virtual host 'localhost'
Mar 31, 2017 2:36:07 PM org.apache.catalina.core.ApplicationContext log
INFO: Manager: restart: Reloading web application '/TaylorInsurance2.0'
Mar 31, 2017 2:37:03 PM org.apache.catalina.core.ApplicationContext log
INFO: Manager: list: Listing contexts for virtual host 'localhost'
Mar 31, 2017 2:37:03 PM org.apache.catalina.core.ApplicationContext log
INFO: Manager: restart: Reloading web application '/TaylorInsurance2.0'
Mar 31, 2017 2:38:39 PM org.apache.catalina.core.ApplicationContext log
INFO: Manager: list: Listing contexts for virtual host 'localhost'
Mar 31, 2017 2:38:39 PM org.apache.catalina.core.ApplicationContext log
INFO: Manager: restart: Reloading web application '/TaylorInsurance2.0'
Mar 31, 2017 2:47:08 PM org.apache.catalina.core.ApplicationContext log
INFO: Manager: list: Listing contexts for virtual host 'localhost'
Mar 31, 2017 2:47:08 PM org.apache.catalina.core.ApplicationContext log
INFO: Manager: restart: Reloading web application '/TaylorInsurance2.0'
Mar 31, 2017 2:56:28 PM org.apache.catalina.core.ApplicationContext log
INFO: Manager: list: Listing contexts for virtual host 'localhost'
Mar 31, 2017 2:56:28 PM org.apache.catalina.core.ApplicationContext log
INFO: Manager: restart: Reloading web application '/TaylorInsurance2.0'
Mar 31, 2017 2:59:41 PM org.apache.catalina.core.ApplicationContext log
INFO: Manager: list: Listing contexts for virtual host 'localhost'
Mar 31, 2017 2:59:42 PM org.apache.catalina.core.ApplicationContext log
INFO: Manager: restart: Reloading web application '/TaylorInsurance2.0'
Mar 31, 2017 3:00:03 PM org.apache.catalina.core.ApplicationContext log
INFO: Manager: list: Listing contexts for virtual host 'localhost'
Mar 31, 2017 3:00:03 PM org.apache.catalina.core.ApplicationContext log
INFO: Manager: restart: Reloading web application '/TaylorInsurance2.0'
Mar 31, 2017 3:02:07 PM org.apache.catalina.core.ApplicationContext log
INFO: Manager: list: Listing contexts for virtual host 'localhost'
Mar 31, 2017 3:02:07 PM org.apache.catalina.core.ApplicationContext log
INFO: Manager: restart: Reloading web application '/TaylorInsurance2.0'
Mar 31, 2017 3:02:51 PM org.apache.catalina.core.ApplicationContext log
INFO: Manager: list: Listing contexts for virtual host 'localhost'
Mar 31, 2017 3:02:51 PM org.apache.catalina.core.ApplicationContext log
INFO: Manager: restart: Reloading web application '/TaylorInsurance2.0'
Mar 31, 2017 3:09:07 PM org.apache.catalina.core.ApplicationContext log
INFO: Manager: list: Listing contexts for virtual host 'localhost'
Mar 31, 2017 3:09:07 PM org.apache.catalina.core.ApplicationContext log
INFO: Manager: restart: Reloading web application '/TaylorInsurance2.0'
Mar 31, 2017 3:14:24 PM org.apache.catalina.core.ApplicationContext log
INFO: Manager: list: Listing contexts for virtual host 'localhost'
Mar 31, 2017 3:14:24 PM org.apache.catalina.core.ApplicationContext log
INFO: Manager: restart: Reloading web application '/TaylorInsurance2.0'
Mar 31, 2017 3:14:24 PM org.apache.catalina.core.ApplicationContext log
INFO: Manager: list: Listing contexts for virtual host 'localhost'
Mar 31, 2017 3:14:24 PM org.apache.catalina.core.ApplicationContext log
INFO: Manager: restart: Reloading web application '/TaylorInsurance2.0'
Mar 31, 2017 3:15:41 PM org.apache.catalina.core.ApplicationContext log
INFO: Manager: list: Listing contexts for virtual host 'localhost'
Mar 31, 2017 3:15:41 PM org.apache.catalina.core.ApplicationContext log
INFO: Manager: list: Listing contexts for virtual host 'localhost'
Mar 31, 2017 3:15:41 PM org.apache.catalina.core.ApplicationContext log
INFO: Manager: restart: Reloading web application '/TaylorInsurance2.0'
Mar 31, 2017 3:23:14 PM org.apache.catalina.core.ApplicationContext log
INFO: Manager: list: Listing contexts for virtual host 'localhost'
Mar 31, 2017 3:23:14 PM org.apache.catalina.core.ApplicationContext log
INFO: Manager: restart: Reloading web application '/TaylorInsurance2.0'
Mar 31, 2017 3:23:17 PM org.apache.catalina.core.ApplicationContext log
INFO: Manager: list: Listing contexts for virtual host 'localhost'
Mar 31, 2017 3:23:17 PM org.apache.catalina.core.ApplicationContext log
INFO: Manager: list: Listing contexts for virtual host 'localhost'
Mar 31, 2017 3:23:17 PM org.apache.catalina.core.ApplicationContext log
INFO: Manager: restart: Reloading web application '/TaylorInsurance2.0'
Mar 31, 2017 3:42:35 PM org.apache.catalina.core.ApplicationContext log
INFO: Manager: list: Listing contexts for virtual host 'localhost'
Mar 31, 2017 3:42:35 PM org.apache.catalina.core.ApplicationContext log
INFO: Manager: restart: Reloading web application '/TaylorInsurance2.0'
Mar 31, 2017 3:42:43 PM org.apache.catalina.core.ApplicationContext log
INFO: Manager: list: Listing contexts for virtual host 'localhost'
Mar 31, 2017 3:42:43 PM org.apache.catalina.core.ApplicationContext log
INFO: Manager: restart: Reloading web application '/TaylorInsurance2.0'
Mar 31, 2017 3:43:08 PM org.apache.catalina.core.ApplicationContext log
INFO: Manager: list: Listing contexts for virtual host 'localhost'
Mar 31, 2017 3:43:08 PM org.apache.catalina.core.ApplicationContext log
INFO: Manager: restart: Reloading web application '/TaylorInsurance2.0'
Mar 31, 2017 3:43:27 PM org.apache.catalina.core.ApplicationContext log
INFO: Manager: list: Listing contexts for virtual host 'localhost'
Mar 31, 2017 3:43:27 PM org.apache.catalina.core.ApplicationContext log
INFO: Manager: restart: Reloading web application '/TaylorInsurance2.0'
Mar 31, 2017 3:43:53 PM org.apache.catalina.core.ApplicationContext log
INFO: Manager: list: Listing contexts for virtual host 'localhost'
Mar 31, 2017 3:43:53 PM org.apache.catalina.core.ApplicationContext log
INFO: Manager: restart: Reloading web application '/TaylorInsurance2.0'
Mar 31, 2017 3:48:47 PM org.apache.catalina.core.ApplicationContext log
INFO: Manager: list: Listing contexts for virtual host 'localhost'
Mar 31, 2017 3:48:47 PM org.apache.catalina.core.ApplicationContext log
INFO: Manager: restart: Reloading web application '/TaylorInsurance2.0'
Mar 31, 2017 3:50:50 PM org.apache.catalina.core.ApplicationContext log
INFO: Manager: list: Listing contexts for virtual host 'localhost'
Mar 31, 2017 3:50:50 PM org.apache.catalina.core.ApplicationContext log
INFO: Manager: restart: Reloading web application '/TaylorInsurance2.0'
Mar 31, 2017 3:50:50 PM org.apache.catalina.core.ApplicationContext log
INFO: Manager: list: Listing contexts for virtual host 'localhost'
Mar 31, 2017 3:50:50 PM org.apache.catalina.core.ApplicationContext log
INFO: Manager: restart: Reloading web application '/TaylorInsurance2.0'
Mar 31, 2017 3:53:04 PM org.apache.catalina.core.ApplicationContext log
INFO: Manager: list: Listing contexts for virtual host 'localhost'
Mar 31, 2017 3:53:04 PM org.apache.catalina.core.ApplicationContext log
INFO: Manager: restart: Reloading web application '/TaylorInsurance2.0'
Mar 31, 2017 3:53:50 PM org.apache.catalina.core.ApplicationContext log
INFO: Manager: list: Listing contexts for virtual host 'localhost'
Mar 31, 2017 3:53:51 PM org.apache.catalina.core.ApplicationContext log
INFO: Manager: list: Listing contexts for virtual host 'localhost'
Mar 31, 2017 3:53:51 PM org.apache.catalina.core.ApplicationContext log
INFO: Manager: restart: Reloading web application '/TaylorInsurance2.0'
Mar 31, 2017 3:54:45 PM org.apache.catalina.core.ApplicationContext log
INFO: Manager: list: Listing contexts for virtual host 'localhost'
Mar 31, 2017 3:54:45 PM org.apache.catalina.core.ApplicationContext log
INFO: Manager: restart: Reloading web application '/TaylorInsurance2.0'
Mar 31, 2017 3:54:54 PM org.apache.catalina.core.ApplicationContext log
INFO: Manager: list: Listing contexts for virtual host 'localhost'
Mar 31, 2017 3:54:54 PM org.apache.catalina.core.ApplicationContext log
INFO: Manager: undeploy: Undeploying web application at '/TaylorInsurance2.0'
